[4.071s] Invoking command in '/home/amr/turtlebot3_ws/build/turtlebot3_teleop': PYTHONPATH=/home/amr/turtlebot3_ws/build/turtlebot3_teleop/prefix_override:/usr/lib/python3/dist-packages/colcon_core/task/python/colcon_distutils_commands:/home/amr/turtlebot3_ws/install/turtlebot3_teleop/lib/python3.10/site-packages:${PYTHONPATH} /usr/bin/python3 -W ignore:setup.py install is deprecated -W ignore:easy_install command is deprecated setup.py develop --editable --build-directory /home/amr/turtlebot3_ws/build/turtlebot3_teleop/build --no-deps symlink_data
[5.886s] running develop
[6.476s] running egg_info
[6.476s] creating turtlebot3_teleop.egg-info
[6.476s] writing turtlebot3_teleop.egg-info/PKG-INFO
[6.484s] writing dependency_links to turtlebot3_teleop.egg-info/dependency_links.txt
[6.485s] writing entry points to turtlebot3_teleop.egg-info/entry_points.txt
[6.485s] writing requirements to turtlebot3_teleop.egg-info/requires.txt
[6.485s] writing top-level names to turtlebot3_teleop.egg-info/top_level.txt
[6.488s] writing manifest file 'turtlebot3_teleop.egg-info/SOURCES.txt'
[6.492s] reading manifest file 'turtlebot3_teleop.egg-info/SOURCES.txt'
[6.495s] writing manifest file 'turtlebot3_teleop.egg-info/SOURCES.txt'
[6.510s] running build_ext
[6.510s] Creating /home/amr/turtlebot3_ws/install/turtlebot3_teleop/lib/python3.10/site-packages/turtlebot3-teleop.egg-link (link to .)
[6.525s] Installing teleop_keyboard script to /home/amr/turtlebot3_ws/install/turtlebot3_teleop/lib/turtlebot3_teleop
[6.525s] 
[6.528s] Installed /home/amr/turtlebot3_ws/build/turtlebot3_teleop
[6.529s] running symlink_data
[6.529s] creating /home/amr/turtlebot3_ws/install/turtlebot3_teleop/share/ament_index
[6.529s] creating /home/amr/turtlebot3_ws/install/turtlebot3_teleop/share/ament_index/resource_index
[6.529s] creating /home/amr/turtlebot3_ws/install/turtlebot3_teleop/share/ament_index/resource_index/packages
[6.529s] symbolically linking /home/amr/turtlebot3_ws/build/turtlebot3_teleop/resource/turtlebot3_teleop -> /home/amr/turtlebot3_ws/install/turtlebot3_teleop/share/ament_index/resource_index/packages
[6.530s] symbolically linking /home/amr/turtlebot3_ws/build/turtlebot3_teleop/package.xml -> /home/amr/turtlebot3_ws/install/turtlebot3_teleop/share/turtlebot3_teleop
[6.733s] Invoked command in '/home/amr/turtlebot3_ws/build/turtlebot3_teleop' returned '0': PYTHONPATH=/home/amr/turtlebot3_ws/build/turtlebot3_teleop/prefix_override:/usr/lib/python3/dist-packages/colcon_core/task/python/colcon_distutils_commands:/home/amr/turtlebot3_ws/install/turtlebot3_teleop/lib/python3.10/site-packages:${PYTHONPATH} /usr/bin/python3 -W ignore:setup.py install is deprecated -W ignore:easy_install command is deprecated setup.py develop --editable --build-directory /home/amr/turtlebot3_ws/build/turtlebot3_teleop/build --no-deps symlink_data
