[0.055s] Invoking command in '/home/amr/turtlebot3_ws/build/turtlebot3_msgs': CMAKE_PREFIX_PATH=/home/amr/install/turtlebot3:/home/amr/install/turtlebot3_simulations:/home/amr/install/turtlebot3_bringup:/home/amr/install/turtlebot3_node:/home/amr/install/turtlebot3_navigation2:/home/amr/install/turtlebot3_fake_node:/home/amr/install/turtlebot3_msgs:/home/amr/install/turtlebot3_manipulation_gazebo:/home/amr/install/turtlebot3_gazebo:/home/amr/install/turtlebot3_description:/home/amr/install/turtlebot3_cartographer:/home/amr/install/dynamixel_sdk_examples:/home/amr/install/dynamixel_sdk_custom_interfaces:/home/amr/install/dynamixel_sdk:/home/amr/turtlebot3_ws/install/turtlebot3:/home/amr/turtlebot3_ws/install/turtlebot3_simulations:/home/amr/turtlebot3_ws/install/turtlebot3_bringup:/home/amr/turtlebot3_ws/install/turtlebot3_node:/home/amr/turtlebot3_ws/install/turtlebot3_navigation2:/home/amr/turtlebot3_ws/install/turtlebot3_fake_node:/home/amr/turtlebot3_ws/install/turtlebot3_msgs:/home/amr/turtlebot3_ws/install/turtlebot3_manipulation_gazebo:/home/amr/turtlebot3_ws/install/turtlebot3_gazebo:/home/amr/turtlebot3_ws/install/turtlebot3_description:/home/amr/turtlebot3_ws/install/turtlebot3_cartographer:/home/amr/install/turtlebot3_teleop:/home/amr/install/turtlebot3_example:/home/amr/install/main:/home/amr/turtlebot3_ws/install/turtlebot3_teleop:/home/amr/turtlebot3_ws/install/turtlebot3_example:/home/amr/turtlebot3_ws/install/main:/home/amr/turtlebot3_ws/src/main/install/main:/opt/ros/humble:/home/amr/turtlebot3_ws/install/rplidar_ros:/home/amr/turtlebot3_ws/install/dynamixel_sdk_examples:/home/amr/turtlebot3_ws/install/dynamixel_sdk_custom_interfaces:/home/amr/turtlebot3_ws/install/dynamixel_sdk /usr/bin/cmake --build /home/amr/turtlebot3_ws/build/turtlebot3_msgs -- -j4 -l4
[0.200s] [ 11%] Built target turtlebot3_msgs__rosidl_generator_c
[0.200s] [ 12%] Built target turtlebot3_msgs__cpp
[0.203s] [ 12%] Built target ament_cmake_python_symlink_turtlebot3_msgs
[0.294s] [ 24%] Built target turtlebot3_msgs__rosidl_typesupport_introspection_c
[0.300s] [ 35%] Built target turtlebot3_msgs__rosidl_typesupport_c
[0.301s] [ 46%] Built target turtlebot3_msgs__rosidl_typesupport_fastrtps_c
[0.311s] [ 58%] Built target turtlebot3_msgs__rosidl_typesupport_introspection_cpp
[0.392s] [ 69%] Built target turtlebot3_msgs__rosidl_typesupport_fastrtps_cpp
[0.403s] [ 81%] Built target turtlebot3_msgs__rosidl_typesupport_cpp
[0.452s] [ 81%] Built target turtlebot3_msgs
[0.527s] [ 82%] Built target turtlebot3_msgs__py
[0.615s] [ 92%] Built target turtlebot3_msgs__rosidl_generator_py
[0.711s] [ 94%] Built target turtlebot3_msgs__rosidl_typesupport_introspection_c__pyext
[0.717s] [ 97%] Built target turtlebot3_msgs__rosidl_typesupport_fastrtps_c__pyext
[0.724s] [100%] Built target turtlebot3_msgs__rosidl_typesupport_c__pyext
[1.095s] running egg_info
[1.096s] writing turtlebot3_msgs.egg-info/PKG-INFO
[1.097s] writing dependency_links to turtlebot3_msgs.egg-info/dependency_links.txt
[1.099s] writing top-level names to turtlebot3_msgs.egg-info/top_level.txt
[1.105s] reading manifest file 'turtlebot3_msgs.egg-info/SOURCES.txt'
[1.108s] writing manifest file 'turtlebot3_msgs.egg-info/SOURCES.txt'
[1.189s] [100%] Built target ament_cmake_python_build_turtlebot3_msgs_egg
[1.220s] Invoked command in '/home/amr/turtlebot3_ws/build/turtlebot3_msgs' returned '0': CMAKE_PREFIX_PATH=/home/amr/install/turtlebot3:/home/amr/install/turtlebot3_simulations:/home/amr/install/turtlebot3_bringup:/home/amr/install/turtlebot3_node:/home/amr/install/turtlebot3_navigation2:/home/amr/install/turtlebot3_fake_node:/home/amr/install/turtlebot3_msgs:/home/amr/install/turtlebot3_manipulation_gazebo:/home/amr/install/turtlebot3_gazebo:/home/amr/install/turtlebot3_description:/home/amr/install/turtlebot3_cartographer:/home/amr/install/dynamixel_sdk_examples:/home/amr/install/dynamixel_sdk_custom_interfaces:/home/amr/install/dynamixel_sdk:/home/amr/turtlebot3_ws/install/turtlebot3:/home/amr/turtlebot3_ws/install/turtlebot3_simulations:/home/amr/turtlebot3_ws/install/turtlebot3_bringup:/home/amr/turtlebot3_ws/install/turtlebot3_node:/home/amr/turtlebot3_ws/install/turtlebot3_navigation2:/home/amr/turtlebot3_ws/install/turtlebot3_fake_node:/home/amr/turtlebot3_ws/install/turtlebot3_msgs:/home/amr/turtlebot3_ws/install/turtlebot3_manipulation_gazebo:/home/amr/turtlebot3_ws/install/turtlebot3_gazebo:/home/amr/turtlebot3_ws/install/turtlebot3_description:/home/amr/turtlebot3_ws/install/turtlebot3_cartographer:/home/amr/install/turtlebot3_teleop:/home/amr/install/turtlebot3_example:/home/amr/install/main:/home/amr/turtlebot3_ws/install/turtlebot3_teleop:/home/amr/turtlebot3_ws/install/turtlebot3_example:/home/amr/turtlebot3_ws/install/main:/home/amr/turtlebot3_ws/src/main/install/main:/opt/ros/humble:/home/amr/turtlebot3_ws/install/rplidar_ros:/home/amr/turtlebot3_ws/install/dynamixel_sdk_examples:/home/amr/turtlebot3_ws/install/dynamixel_sdk_custom_interfaces:/home/amr/turtlebot3_ws/install/dynamixel_sdk /usr/bin/cmake --build /home/amr/turtlebot3_ws/build/turtlebot3_msgs -- -j4 -l4
[1.224s] Invoking command in '/home/amr/turtlebot3_ws/build/turtlebot3_msgs': CMAKE_PREFIX_PATH=/home/amr/install/turtlebot3:/home/amr/install/turtlebot3_simulations:/home/amr/install/turtlebot3_bringup:/home/amr/install/turtlebot3_node:/home/amr/install/turtlebot3_navigation2:/home/amr/install/turtlebot3_fake_node:/home/amr/install/turtlebot3_msgs:/home/amr/install/turtlebot3_manipulation_gazebo:/home/amr/install/turtlebot3_gazebo:/home/amr/install/turtlebot3_description:/home/amr/install/turtlebot3_cartographer:/home/amr/install/dynamixel_sdk_examples:/home/amr/install/dynamixel_sdk_custom_interfaces:/home/amr/install/dynamixel_sdk:/home/amr/turtlebot3_ws/install/turtlebot3:/home/amr/turtlebot3_ws/install/turtlebot3_simulations:/home/amr/turtlebot3_ws/install/turtlebot3_bringup:/home/amr/turtlebot3_ws/install/turtlebot3_node:/home/amr/turtlebot3_ws/install/turtlebot3_navigation2:/home/amr/turtlebot3_ws/install/turtlebot3_fake_node:/home/amr/turtlebot3_ws/install/turtlebot3_msgs:/home/amr/turtlebot3_ws/install/turtlebot3_manipulation_gazebo:/home/amr/turtlebot3_ws/install/turtlebot3_gazebo:/home/amr/turtlebot3_ws/install/turtlebot3_description:/home/amr/turtlebot3_ws/install/turtlebot3_cartographer:/home/amr/install/turtlebot3_teleop:/home/amr/install/turtlebot3_example:/home/amr/install/main:/home/amr/turtlebot3_ws/install/turtlebot3_teleop:/home/amr/turtlebot3_ws/install/turtlebot3_example:/home/amr/turtlebot3_ws/install/main:/home/amr/turtlebot3_ws/src/main/install/main:/opt/ros/humble:/home/amr/turtlebot3_ws/install/rplidar_ros:/home/amr/turtlebot3_ws/install/dynamixel_sdk_examples:/home/amr/turtlebot3_ws/install/dynamixel_sdk_custom_interfaces:/home/amr/turtlebot3_ws/install/dynamixel_sdk /usr/bin/cmake --install /home/amr/turtlebot3_ws/build/turtlebot3_msgs
[1.236s] -- Install configuration: ""
[1.240s] -- Execute custom install script
[1.241s] -- Up-to-date symlink: /home/amr/turtlebot3_ws/install/turtlebot3_msgs/share/ament_index/resource_index/rosidl_interfaces/turtlebot3_msgs
[1.244s] -- Up-to-date symlink: /home/amr/turtlebot3_ws/install/turtlebot3_msgs/include/turtlebot3_msgs/turtlebot3_msgs/action/detail/patrol__functions.h
[1.244s] -- Up-to-date symlink: /home/amr/turtlebot3_ws/install/turtlebot3_msgs/include/turtlebot3_msgs/turtlebot3_msgs/action/detail/patrol__struct.h
[1.245s] -- Up-to-date symlink: /home/amr/turtlebot3_ws/install/turtlebot3_msgs/include/turtlebot3_msgs/turtlebot3_msgs/action/detail/patrol__type_support.h
[1.245s] -- Up-to-date symlink: /home/amr/turtlebot3_ws/install/turtlebot3_msgs/include/turtlebot3_msgs/turtlebot3_msgs/action/patrol.h
[1.245s] -- Up-to-date symlink: /home/amr/turtlebot3_ws/install/turtlebot3_msgs/include/turtlebot3_msgs/turtlebot3_msgs/msg/detail/sensor_state__functions.h
[1.245s] -- Up-to-date symlink: /home/amr/turtlebot3_ws/install/turtlebot3_msgs/include/turtlebot3_msgs/turtlebot3_msgs/msg/detail/sensor_state__struct.h
[1.246s] -- Up-to-date symlink: /home/amr/turtlebot3_ws/install/turtlebot3_msgs/include/turtlebot3_msgs/turtlebot3_msgs/msg/detail/sensor_state__type_support.h
[1.246s] -- Up-to-date symlink: /home/amr/turtlebot3_ws/install/turtlebot3_msgs/include/turtlebot3_msgs/turtlebot3_msgs/msg/detail/sound__functions.h
[1.247s] -- Up-to-date symlink: /home/amr/turtlebot3_ws/install/turtlebot3_msgs/include/turtlebot3_msgs/turtlebot3_msgs/msg/detail/sound__struct.h
[1.247s] -- Up-to-date symlink: /home/amr/turtlebot3_ws/install/turtlebot3_msgs/include/turtlebot3_msgs/turtlebot3_msgs/msg/detail/sound__type_support.h
[1.247s] -- Up-to-date symlink: /home/amr/turtlebot3_ws/install/turtlebot3_msgs/include/turtlebot3_msgs/turtlebot3_msgs/msg/detail/version_info__functions.h
[1.248s] -- Up-to-date symlink: /home/amr/turtlebot3_ws/install/turtlebot3_msgs/include/turtlebot3_msgs/turtlebot3_msgs/msg/detail/version_info__struct.h
[1.249s] -- Up-to-date symlink: /home/amr/turtlebot3_ws/install/turtlebot3_msgs/include/turtlebot3_msgs/turtlebot3_msgs/msg/detail/version_info__type_support.h
[1.249s] -- Up-to-date symlink: /home/amr/turtlebot3_ws/install/turtlebot3_msgs/include/turtlebot3_msgs/turtlebot3_msgs/msg/rosidl_generator_c__visibility_control.h
[1.250s] -- Up-to-date symlink: /home/amr/turtlebot3_ws/install/turtlebot3_msgs/include/turtlebot3_msgs/turtlebot3_msgs/msg/sensor_state.h
[1.250s] -- Up-to-date symlink: /home/amr/turtlebot3_ws/install/turtlebot3_msgs/include/turtlebot3_msgs/turtlebot3_msgs/msg/sound.h
[1.251s] -- Up-to-date symlink: /home/amr/turtlebot3_ws/install/turtlebot3_msgs/include/turtlebot3_msgs/turtlebot3_msgs/msg/version_info.h
[1.251s] -- Up-to-date symlink: /home/amr/turtlebot3_ws/install/turtlebot3_msgs/include/turtlebot3_msgs/turtlebot3_msgs/srv/detail/dqn__functions.h
[1.252s] -- Up-to-date symlink: /home/amr/turtlebot3_ws/install/turtlebot3_msgs/include/turtlebot3_msgs/turtlebot3_msgs/srv/detail/dqn__struct.h
[1.253s] -- Up-to-date symlink: /home/amr/turtlebot3_ws/install/turtlebot3_msgs/include/turtlebot3_msgs/turtlebot3_msgs/srv/detail/dqn__type_support.h
[1.253s] -- Up-to-date symlink: /home/amr/turtlebot3_ws/install/turtlebot3_msgs/include/turtlebot3_msgs/turtlebot3_msgs/srv/detail/goal__functions.h
[1.255s] -- Up-to-date symlink: /home/amr/turtlebot3_ws/install/turtlebot3_msgs/include/turtlebot3_msgs/turtlebot3_msgs/srv/detail/goal__struct.h
[1.255s] -- Up-to-date symlink: /home/amr/turtlebot3_ws/install/turtlebot3_msgs/include/turtlebot3_msgs/turtlebot3_msgs/srv/detail/goal__type_support.h
[1.256s] -- Up-to-date symlink: /home/amr/turtlebot3_ws/install/turtlebot3_msgs/include/turtlebot3_msgs/turtlebot3_msgs/srv/detail/sound__functions.h
[1.259s] -- Up-to-date symlink: /home/amr/turtlebot3_ws/install/turtlebot3_msgs/include/turtlebot3_msgs/turtlebot3_msgs/srv/detail/sound__struct.h
[1.260s] -- Up-to-date symlink: /home/amr/turtlebot3_ws/install/turtlebot3_msgs/include/turtlebot3_msgs/turtlebot3_msgs/srv/detail/sound__type_support.h
[1.268s] -- Up-to-date symlink: /home/amr/turtlebot3_ws/install/turtlebot3_msgs/include/turtlebot3_msgs/turtlebot3_msgs/srv/dqn.h
[1.269s] -- Up-to-date symlink: /home/amr/turtlebot3_ws/install/turtlebot3_msgs/include/turtlebot3_msgs/turtlebot3_msgs/srv/goal.h
[1.272s] -- Up-to-date symlink: /home/amr/turtlebot3_ws/install/turtlebot3_msgs/include/turtlebot3_msgs/turtlebot3_msgs/srv/sound.h
[1.273s] -- Up-to-date symlink: /home/amr/turtlebot3_ws/install/turtlebot3_msgs/share/turtlebot3_msgs/environment/library_path.sh
[1.278s] -- Up-to-date symlink: /home/amr/turtlebot3_ws/install/turtlebot3_msgs/share/turtlebot3_msgs/environment/library_path.dsv
[1.284s] -- Up-to-date symlink: /home/amr/turtlebot3_ws/install/turtlebot3_msgs/include/turtlebot3_msgs/turtlebot3_msgs/action/detail/patrol__rosidl_typesupport_fastrtps_c.h
[1.287s] -- Up-to-date symlink: /home/amr/turtlebot3_ws/install/turtlebot3_msgs/include/turtlebot3_msgs/turtlebot3_msgs/msg/detail/sensor_state__rosidl_typesupport_fastrtps_c.h
[1.288s] -- Up-to-date symlink: /home/amr/turtlebot3_ws/install/turtlebot3_msgs/include/turtlebot3_msgs/turtlebot3_msgs/msg/detail/sound__rosidl_typesupport_fastrtps_c.h
[1.288s] -- Up-to-date symlink: /home/amr/turtlebot3_ws/install/turtlebot3_msgs/include/turtlebot3_msgs/turtlebot3_msgs/msg/detail/version_info__rosidl_typesupport_fastrtps_c.h
[1.292s] -- Up-to-date symlink: /home/amr/turtlebot3_ws/install/turtlebot3_msgs/include/turtlebot3_msgs/turtlebot3_msgs/msg/rosidl_typesupport_fastrtps_c__visibility_control.h
[1.292s] -- Up-to-date symlink: /home/amr/turtlebot3_ws/install/turtlebot3_msgs/include/turtlebot3_msgs/turtlebot3_msgs/srv/detail/dqn__rosidl_typesupport_fastrtps_c.h
[1.293s] -- Up-to-date symlink: /home/amr/turtlebot3_ws/install/turtlebot3_msgs/include/turtlebot3_msgs/turtlebot3_msgs/srv/detail/goal__rosidl_typesupport_fastrtps_c.h
[1.293s] -- Up-to-date symlink: /home/amr/turtlebot3_ws/install/turtlebot3_msgs/include/turtlebot3_msgs/turtlebot3_msgs/srv/detail/sound__rosidl_typesupport_fastrtps_c.h
[1.299s] -- Up-to-date symlink: /home/amr/turtlebot3_ws/install/turtlebot3_msgs/include/turtlebot3_msgs/turtlebot3_msgs/action/detail/patrol__builder.hpp
[1.301s] -- Up-to-date symlink: /home/amr/turtlebot3_ws/install/turtlebot3_msgs/include/turtlebot3_msgs/turtlebot3_msgs/action/detail/patrol__struct.hpp
[1.301s] -- Up-to-date symlink: /home/amr/turtlebot3_ws/install/turtlebot3_msgs/include/turtlebot3_msgs/turtlebot3_msgs/action/detail/patrol__traits.hpp
[1.301s] -- Up-to-date symlink: /home/amr/turtlebot3_ws/install/turtlebot3_msgs/include/turtlebot3_msgs/turtlebot3_msgs/action/detail/patrol__type_support.hpp
[1.301s] -- Up-to-date symlink: /home/amr/turtlebot3_ws/install/turtlebot3_msgs/include/turtlebot3_msgs/turtlebot3_msgs/action/patrol.hpp
[1.306s] -- Up-to-date symlink: /home/amr/turtlebot3_ws/install/turtlebot3_msgs/include/turtlebot3_msgs/turtlebot3_msgs/msg/detail/sensor_state__builder.hpp
[1.306s] -- Up-to-date symlink: /home/amr/turtlebot3_ws/install/turtlebot3_msgs/include/turtlebot3_msgs/turtlebot3_msgs/msg/detail/sensor_state__struct.hpp
[1.307s] -- Up-to-date symlink: /home/amr/turtlebot3_ws/install/turtlebot3_msgs/include/turtlebot3_msgs/turtlebot3_msgs/msg/detail/sensor_state__traits.hpp
[1.311s] -- Up-to-date symlink: /home/amr/turtlebot3_ws/install/turtlebot3_msgs/include/turtlebot3_msgs/turtlebot3_msgs/msg/detail/sensor_state__type_support.hpp
[1.311s] -- Up-to-date symlink: /home/amr/turtlebot3_ws/install/turtlebot3_msgs/include/turtlebot3_msgs/turtlebot3_msgs/msg/detail/sound__builder.hpp
[1.311s] -- Up-to-date symlink: /home/amr/turtlebot3_ws/install/turtlebot3_msgs/include/turtlebot3_msgs/turtlebot3_msgs/msg/detail/sound__struct.hpp
[1.312s] -- Up-to-date symlink: /home/amr/turtlebot3_ws/install/turtlebot3_msgs/include/turtlebot3_msgs/turtlebot3_msgs/msg/detail/sound__traits.hpp
[1.313s] -- Up-to-date symlink: /home/amr/turtlebot3_ws/install/turtlebot3_msgs/include/turtlebot3_msgs/turtlebot3_msgs/msg/detail/sound__type_support.hpp
[1.313s] -- Up-to-date symlink: /home/amr/turtlebot3_ws/install/turtlebot3_msgs/include/turtlebot3_msgs/turtlebot3_msgs/msg/detail/version_info__builder.hpp
[1.313s] -- Up-to-date symlink: /home/amr/turtlebot3_ws/install/turtlebot3_msgs/include/turtlebot3_msgs/turtlebot3_msgs/msg/detail/version_info__struct.hpp
[1.313s] -- Up-to-date symlink: /home/amr/turtlebot3_ws/install/turtlebot3_msgs/include/turtlebot3_msgs/turtlebot3_msgs/msg/detail/version_info__traits.hpp
[1.317s] -- Up-to-date symlink: /home/amr/turtlebot3_ws/install/turtlebot3_msgs/include/turtlebot3_msgs/turtlebot3_msgs/msg/detail/version_info__type_support.hpp
[1.318s] -- Up-to-date symlink: /home/amr/turtlebot3_ws/install/turtlebot3_msgs/include/turtlebot3_msgs/turtlebot3_msgs/msg/rosidl_generator_cpp__visibility_control.hpp
[1.318s] -- Up-to-date symlink: /home/amr/turtlebot3_ws/install/turtlebot3_msgs/include/turtlebot3_msgs/turtlebot3_msgs/msg/sensor_state.hpp
[1.318s] -- Up-to-date symlink: /home/amr/turtlebot3_ws/install/turtlebot3_msgs/include/turtlebot3_msgs/turtlebot3_msgs/msg/sound.hpp
[1.320s] -- Up-to-date symlink: /home/amr/turtlebot3_ws/install/turtlebot3_msgs/include/turtlebot3_msgs/turtlebot3_msgs/msg/version_info.hpp
[1.320s] -- Up-to-date symlink: /home/amr/turtlebot3_ws/install/turtlebot3_msgs/include/turtlebot3_msgs/turtlebot3_msgs/srv/detail/dqn__builder.hpp
[1.323s] -- Up-to-date symlink: /home/amr/turtlebot3_ws/install/turtlebot3_msgs/include/turtlebot3_msgs/turtlebot3_msgs/srv/detail/dqn__struct.hpp
[1.324s] -- Up-to-date symlink: /home/amr/turtlebot3_ws/install/turtlebot3_msgs/include/turtlebot3_msgs/turtlebot3_msgs/srv/detail/dqn__traits.hpp
[1.325s] -- Up-to-date symlink: /home/amr/turtlebot3_ws/install/turtlebot3_msgs/include/turtlebot3_msgs/turtlebot3_msgs/srv/detail/dqn__type_support.hpp
[1.325s] -- Up-to-date symlink: /home/amr/turtlebot3_ws/install/turtlebot3_msgs/include/turtlebot3_msgs/turtlebot3_msgs/srv/detail/goal__builder.hpp
[1.325s] -- Up-to-date symlink: /home/amr/turtlebot3_ws/install/turtlebot3_msgs/include/turtlebot3_msgs/turtlebot3_msgs/srv/detail/goal__struct.hpp
[1.325s] -- Up-to-date symlink: /home/amr/turtlebot3_ws/install/turtlebot3_msgs/include/turtlebot3_msgs/turtlebot3_msgs/srv/detail/goal__traits.hpp
[1.331s] -- Up-to-date symlink: /home/amr/turtlebot3_ws/install/turtlebot3_msgs/include/turtlebot3_msgs/turtlebot3_msgs/srv/detail/goal__type_support.hpp
[1.334s] -- Up-to-date symlink: /home/amr/turtlebot3_ws/install/turtlebot3_msgs/include/turtlebot3_msgs/turtlebot3_msgs/srv/detail/sound__builder.hpp
[1.336s] -- Up-to-date symlink: /home/amr/turtlebot3_ws/install/turtlebot3_msgs/include/turtlebot3_msgs/turtlebot3_msgs/srv/detail/sound__struct.hpp
[1.336s] -- Up-to-date symlink: /home/amr/turtlebot3_ws/install/turtlebot3_msgs/include/turtlebot3_msgs/turtlebot3_msgs/srv/detail/sound__traits.hpp
[1.337s] -- Up-to-date symlink: /home/amr/turtlebot3_ws/install/turtlebot3_msgs/include/turtlebot3_msgs/turtlebot3_msgs/srv/detail/sound__type_support.hpp
[1.341s] -- Up-to-date symlink: /home/amr/turtlebot3_ws/install/turtlebot3_msgs/include/turtlebot3_msgs/turtlebot3_msgs/srv/dqn.hpp
[1.341s] -- Up-to-date symlink: /home/amr/turtlebot3_ws/install/turtlebot3_msgs/include/turtlebot3_msgs/turtlebot3_msgs/srv/goal.hpp
[1.341s] -- Up-to-date symlink: /home/amr/turtlebot3_ws/install/turtlebot3_msgs/include/turtlebot3_msgs/turtlebot3_msgs/srv/sound.hpp
[1.343s] -- Up-to-date symlink: /home/amr/turtlebot3_ws/install/turtlebot3_msgs/include/turtlebot3_msgs/turtlebot3_msgs/action/detail/patrol__rosidl_typesupport_fastrtps_cpp.hpp
[1.348s] -- Up-to-date symlink: /home/amr/turtlebot3_ws/install/turtlebot3_msgs/include/turtlebot3_msgs/turtlebot3_msgs/msg/detail/sensor_state__rosidl_typesupport_fastrtps_cpp.hpp
[1.348s] -- Up-to-date symlink: /home/amr/turtlebot3_ws/install/turtlebot3_msgs/include/turtlebot3_msgs/turtlebot3_msgs/msg/detail/sound__rosidl_typesupport_fastrtps_cpp.hpp
[1.348s] -- Up-to-date symlink: /home/amr/turtlebot3_ws/install/turtlebot3_msgs/include/turtlebot3_msgs/turtlebot3_msgs/msg/detail/version_info__rosidl_typesupport_fastrtps_cpp.hpp
[1.348s] -- Up-to-date symlink: /home/amr/turtlebot3_ws/install/turtlebot3_msgs/include/turtlebot3_msgs/turtlebot3_msgs/msg/rosidl_typesupport_fastrtps_cpp__visibility_control.h
[1.349s] -- Up-to-date symlink: /home/amr/turtlebot3_ws/install/turtlebot3_msgs/include/turtlebot3_msgs/turtlebot3_msgs/srv/detail/dqn__rosidl_typesupport_fastrtps_cpp.hpp
[1.350s] -- Up-to-date symlink: /home/amr/turtlebot3_ws/install/turtlebot3_msgs/include/turtlebot3_msgs/turtlebot3_msgs/srv/detail/goal__rosidl_typesupport_fastrtps_cpp.hpp
[1.350s] -- Up-to-date symlink: /home/amr/turtlebot3_ws/install/turtlebot3_msgs/include/turtlebot3_msgs/turtlebot3_msgs/srv/detail/sound__rosidl_typesupport_fastrtps_cpp.hpp
[1.350s] -- Up-to-date symlink: /home/amr/turtlebot3_ws/install/turtlebot3_msgs/include/turtlebot3_msgs/turtlebot3_msgs/action/detail/patrol__rosidl_typesupport_introspection_c.h
[1.352s] -- Up-to-date symlink: /home/amr/turtlebot3_ws/install/turtlebot3_msgs/include/turtlebot3_msgs/turtlebot3_msgs/msg/detail/sensor_state__rosidl_typesupport_introspection_c.h
[1.353s] -- Up-to-date symlink: /home/amr/turtlebot3_ws/install/turtlebot3_msgs/include/turtlebot3_msgs/turtlebot3_msgs/msg/detail/sound__rosidl_typesupport_introspection_c.h
[1.353s] -- Up-to-date symlink: /home/amr/turtlebot3_ws/install/turtlebot3_msgs/include/turtlebot3_msgs/turtlebot3_msgs/msg/detail/version_info__rosidl_typesupport_introspection_c.h
[1.353s] -- Up-to-date symlink: /home/amr/turtlebot3_ws/install/turtlebot3_msgs/include/turtlebot3_msgs/turtlebot3_msgs/msg/rosidl_typesupport_introspection_c__visibility_control.h
[1.353s] -- Up-to-date symlink: /home/amr/turtlebot3_ws/install/turtlebot3_msgs/include/turtlebot3_msgs/turtlebot3_msgs/srv/detail/dqn__rosidl_typesupport_introspection_c.h
[1.353s] -- Up-to-date symlink: /home/amr/turtlebot3_ws/install/turtlebot3_msgs/include/turtlebot3_msgs/turtlebot3_msgs/srv/detail/goal__rosidl_typesupport_introspection_c.h
[1.354s] -- Up-to-date symlink: /home/amr/turtlebot3_ws/install/turtlebot3_msgs/include/turtlebot3_msgs/turtlebot3_msgs/srv/detail/sound__rosidl_typesupport_introspection_c.h
[1.354s] -- Up-to-date symlink: /home/amr/turtlebot3_ws/install/turtlebot3_msgs/include/turtlebot3_msgs/turtlebot3_msgs/action/detail/patrol__rosidl_typesupport_introspection_cpp.hpp
[1.354s] -- Up-to-date symlink: /home/amr/turtlebot3_ws/install/turtlebot3_msgs/include/turtlebot3_msgs/turtlebot3_msgs/msg/detail/sensor_state__rosidl_typesupport_introspection_cpp.hpp
[1.354s] -- Up-to-date symlink: /home/amr/turtlebot3_ws/install/turtlebot3_msgs/include/turtlebot3_msgs/turtlebot3_msgs/msg/detail/sound__rosidl_typesupport_introspection_cpp.hpp
[1.354s] -- Up-to-date symlink: /home/amr/turtlebot3_ws/install/turtlebot3_msgs/include/turtlebot3_msgs/turtlebot3_msgs/msg/detail/version_info__rosidl_typesupport_introspection_cpp.hpp
[1.354s] -- Up-to-date symlink: /home/amr/turtlebot3_ws/install/turtlebot3_msgs/include/turtlebot3_msgs/turtlebot3_msgs/srv/detail/dqn__rosidl_typesupport_introspection_cpp.hpp
[1.354s] -- Up-to-date symlink: /home/amr/turtlebot3_ws/install/turtlebot3_msgs/include/turtlebot3_msgs/turtlebot3_msgs/srv/detail/goal__rosidl_typesupport_introspection_cpp.hpp
[1.354s] -- Up-to-date symlink: /home/amr/turtlebot3_ws/install/turtlebot3_msgs/include/turtlebot3_msgs/turtlebot3_msgs/srv/detail/sound__rosidl_typesupport_introspection_cpp.hpp
[1.355s] -- Up-to-date symlink: /home/amr/turtlebot3_ws/install/turtlebot3_msgs/share/turtlebot3_msgs/environment/pythonpath.sh
[1.355s] -- Up-to-date symlink: /home/amr/turtlebot3_ws/install/turtlebot3_msgs/share/turtlebot3_msgs/environment/pythonpath.dsv
[1.357s] -- Up-to-date symlink: /home/amr/turtlebot3_ws/install/turtlebot3_msgs/local/lib/python3.10/dist-packages/turtlebot3_msgs-2.4.0-py3.10.egg-info/PKG-INFO
[1.357s] -- Up-to-date symlink: /home/amr/turtlebot3_ws/install/turtlebot3_msgs/local/lib/python3.10/dist-packages/turtlebot3_msgs-2.4.0-py3.10.egg-info/SOURCES.txt
[1.357s] -- Up-to-date symlink: /home/amr/turtlebot3_ws/install/turtlebot3_msgs/local/lib/python3.10/dist-packages/turtlebot3_msgs-2.4.0-py3.10.egg-info/dependency_links.txt
[1.357s] -- Up-to-date symlink: /home/amr/turtlebot3_ws/install/turtlebot3_msgs/local/lib/python3.10/dist-packages/turtlebot3_msgs-2.4.0-py3.10.egg-info/top_level.txt
[1.357s] -- Up-to-date symlink: /home/amr/turtlebot3_ws/install/turtlebot3_msgs/local/lib/python3.10/dist-packages/turtlebot3_msgs/__init__.py
[1.358s] -- Up-to-date symlink: /home/amr/turtlebot3_ws/install/turtlebot3_msgs/local/lib/python3.10/dist-packages/turtlebot3_msgs/_turtlebot3_msgs_s.ep.rosidl_typesupport_c.c
[1.358s] -- Up-to-date symlink: /home/amr/turtlebot3_ws/install/turtlebot3_msgs/local/lib/python3.10/dist-packages/turtlebot3_msgs/_turtlebot3_msgs_s.ep.rosidl_typesupport_fastrtps_c.c
[1.358s] -- Up-to-date symlink: /home/amr/turtlebot3_ws/install/turtlebot3_msgs/local/lib/python3.10/dist-packages/turtlebot3_msgs/_turtlebot3_msgs_s.ep.rosidl_typesupport_introspection_c.c
[1.358s] -- Up-to-date symlink: /home/amr/turtlebot3_ws/install/turtlebot3_msgs/local/lib/python3.10/dist-packages/turtlebot3_msgs/action/__init__.py
[1.358s] -- Up-to-date symlink: /home/amr/turtlebot3_ws/install/turtlebot3_msgs/local/lib/python3.10/dist-packages/turtlebot3_msgs/action/_patrol.py
[1.358s] -- Up-to-date symlink: /home/amr/turtlebot3_ws/install/turtlebot3_msgs/local/lib/python3.10/dist-packages/turtlebot3_msgs/action/_patrol_s.c
[1.359s] -- Up-to-date symlink: /home/amr/turtlebot3_ws/install/turtlebot3_msgs/local/lib/python3.10/dist-packages/turtlebot3_msgs/libturtlebot3_msgs__rosidl_generator_py.so
[1.360s] -- Up-to-date symlink: /home/amr/turtlebot3_ws/install/turtlebot3_msgs/local/lib/python3.10/dist-packages/turtlebot3_msgs/msg/__init__.py
[1.360s] -- Up-to-date symlink: /home/amr/turtlebot3_ws/install/turtlebot3_msgs/local/lib/python3.10/dist-packages/turtlebot3_msgs/msg/_sensor_state.py
[1.364s] -- Up-to-date symlink: /home/amr/turtlebot3_ws/install/turtlebot3_msgs/local/lib/python3.10/dist-packages/turtlebot3_msgs/msg/_sensor_state_s.c
[1.367s] -- Up-to-date symlink: /home/amr/turtlebot3_ws/install/turtlebot3_msgs/local/lib/python3.10/dist-packages/turtlebot3_msgs/msg/_sound.py
[1.367s] -- Up-to-date symlink: /home/amr/turtlebot3_ws/install/turtlebot3_msgs/local/lib/python3.10/dist-packages/turtlebot3_msgs/msg/_sound_s.c
[1.368s] -- Up-to-date symlink: /home/amr/turtlebot3_ws/install/turtlebot3_msgs/local/lib/python3.10/dist-packages/turtlebot3_msgs/msg/_version_info.py
[1.368s] -- Up-to-date symlink: /home/amr/turtlebot3_ws/install/turtlebot3_msgs/local/lib/python3.10/dist-packages/turtlebot3_msgs/msg/_version_info_s.c
[1.368s] -- Up-to-date symlink: /home/amr/turtlebot3_ws/install/turtlebot3_msgs/local/lib/python3.10/dist-packages/turtlebot3_msgs/srv/__init__.py
[1.369s] -- Up-to-date symlink: /home/amr/turtlebot3_ws/install/turtlebot3_msgs/local/lib/python3.10/dist-packages/turtlebot3_msgs/srv/_dqn.py
[1.369s] -- Up-to-date symlink: /home/amr/turtlebot3_ws/install/turtlebot3_msgs/local/lib/python3.10/dist-packages/turtlebot3_msgs/srv/_dqn_s.c
[1.370s] -- Up-to-date symlink: /home/amr/turtlebot3_ws/install/turtlebot3_msgs/local/lib/python3.10/dist-packages/turtlebot3_msgs/srv/_goal.py
[1.373s] -- Up-to-date symlink: /home/amr/turtlebot3_ws/install/turtlebot3_msgs/local/lib/python3.10/dist-packages/turtlebot3_msgs/srv/_goal_s.c
[1.373s] -- Up-to-date symlink: /home/amr/turtlebot3_ws/install/turtlebot3_msgs/local/lib/python3.10/dist-packages/turtlebot3_msgs/srv/_sound.py
[1.374s] -- Up-to-date symlink: /home/amr/turtlebot3_ws/install/turtlebot3_msgs/local/lib/python3.10/dist-packages/turtlebot3_msgs/srv/_sound_s.c
[1.374s] -- Up-to-date symlink: /home/amr/turtlebot3_ws/install/turtlebot3_msgs/local/lib/python3.10/dist-packages/turtlebot3_msgs/turtlebot3_msgs_s__rosidl_typesupport_c.cpython-310-x86_64-linux-gnu.so
[1.374s] -- Up-to-date symlink: /home/amr/turtlebot3_ws/install/turtlebot3_msgs/local/lib/python3.10/dist-packages/turtlebot3_msgs/turtlebot3_msgs_s__rosidl_typesupport_fastrtps_c.cpython-310-x86_64-linux-gnu.so
[1.374s] -- Up-to-date symlink: /home/amr/turtlebot3_ws/install/turtlebot3_msgs/local/lib/python3.10/dist-packages/turtlebot3_msgs/turtlebot3_msgs_s__rosidl_typesupport_introspection_c.cpython-310-x86_64-linux-gnu.so
[1.374s] -- Up-to-date symlink: /home/amr/turtlebot3_ws/install/turtlebot3_msgs/local/lib/python3.10/dist-packages/turtlebot3_msgs/turtlebot3_msgs_s__rosidl_typesupport_fastrtps_c.cpython-310-x86_64-linux-gnu.so
[1.375s] -- Up-to-date symlink: /home/amr/turtlebot3_ws/install/turtlebot3_msgs/local/lib/python3.10/dist-packages/turtlebot3_msgs/turtlebot3_msgs_s__rosidl_typesupport_introspection_c.cpython-310-x86_64-linux-gnu.so
[1.375s] -- Up-to-date symlink: /home/amr/turtlebot3_ws/install/turtlebot3_msgs/local/lib/python3.10/dist-packages/turtlebot3_msgs/turtlebot3_msgs_s__rosidl_typesupport_c.cpython-310-x86_64-linux-gnu.so
[1.376s] -- Up-to-date symlink: /home/amr/turtlebot3_ws/install/turtlebot3_msgs/share/turtlebot3_msgs/msg/SensorState.idl
[1.376s] -- Up-to-date symlink: /home/amr/turtlebot3_ws/install/turtlebot3_msgs/share/turtlebot3_msgs/msg/Sound.idl
[1.376s] -- Up-to-date symlink: /home/amr/turtlebot3_ws/install/turtlebot3_msgs/share/turtlebot3_msgs/msg/VersionInfo.idl
[1.376s] -- Up-to-date symlink: /home/amr/turtlebot3_ws/install/turtlebot3_msgs/share/turtlebot3_msgs/srv/Sound.idl
[1.376s] -- Up-to-date symlink: /home/amr/turtlebot3_ws/install/turtlebot3_msgs/share/turtlebot3_msgs/srv/Dqn.idl
[1.376s] -- Up-to-date symlink: /home/amr/turtlebot3_ws/install/turtlebot3_msgs/share/turtlebot3_msgs/srv/Goal.idl
[1.376s] -- Up-to-date symlink: /home/amr/turtlebot3_ws/install/turtlebot3_msgs/share/turtlebot3_msgs/action/Patrol.idl
[1.377s] -- Up-to-date symlink: /home/amr/turtlebot3_ws/install/turtlebot3_msgs/share/turtlebot3_msgs/msg/SensorState.msg
[1.377s] -- Up-to-date symlink: /home/amr/turtlebot3_ws/install/turtlebot3_msgs/share/turtlebot3_msgs/msg/Sound.msg
[1.377s] -- Up-to-date symlink: /home/amr/turtlebot3_ws/install/turtlebot3_msgs/share/turtlebot3_msgs/msg/VersionInfo.msg
[1.377s] -- Up-to-date symlink: /home/amr/turtlebot3_ws/install/turtlebot3_msgs/share/turtlebot3_msgs/srv/Sound.srv
[1.377s] -- Up-to-date symlink: /home/amr/turtlebot3_ws/install/turtlebot3_msgs/share/turtlebot3_msgs/srv/Sound_Request.msg
[1.377s] -- Up-to-date symlink: /home/amr/turtlebot3_ws/install/turtlebot3_msgs/share/turtlebot3_msgs/srv/Sound_Response.msg
[1.377s] -- Up-to-date symlink: /home/amr/turtlebot3_ws/install/turtlebot3_msgs/share/turtlebot3_msgs/srv/Dqn.srv
[1.378s] -- Up-to-date symlink: /home/amr/turtlebot3_ws/install/turtlebot3_msgs/share/turtlebot3_msgs/srv/Dqn_Request.msg
[1.378s] -- Up-to-date symlink: /home/amr/turtlebot3_ws/install/turtlebot3_msgs/share/turtlebot3_msgs/srv/Dqn_Response.msg
[1.378s] -- Up-to-date symlink: /home/amr/turtlebot3_ws/install/turtlebot3_msgs/share/turtlebot3_msgs/srv/Goal.srv
[1.378s] -- Up-to-date symlink: /home/amr/turtlebot3_ws/install/turtlebot3_msgs/share/turtlebot3_msgs/srv/Goal_Request.msg
[1.378s] -- Up-to-date symlink: /home/amr/turtlebot3_ws/install/turtlebot3_msgs/share/turtlebot3_msgs/srv/Goal_Response.msg
[1.378s] -- Up-to-date symlink: /home/amr/turtlebot3_ws/install/turtlebot3_msgs/share/turtlebot3_msgs/action/Patrol.action
[1.378s] -- Up-to-date symlink: /home/amr/turtlebot3_ws/install/turtlebot3_msgs/share/ament_index/resource_index/package_run_dependencies/turtlebot3_msgs
[1.379s] -- Up-to-date symlink: /home/amr/turtlebot3_ws/install/turtlebot3_msgs/share/ament_index/resource_index/parent_prefix_path/turtlebot3_msgs
[1.379s] -- Up-to-date symlink: /home/amr/turtlebot3_ws/install/turtlebot3_msgs/share/turtlebot3_msgs/environment/ament_prefix_path.sh
[1.379s] -- Up-to-date symlink: /home/amr/turtlebot3_ws/install/turtlebot3_msgs/share/turtlebot3_msgs/environment/ament_prefix_path.dsv
[1.379s] -- Up-to-date symlink: /home/amr/turtlebot3_ws/install/turtlebot3_msgs/share/turtlebot3_msgs/environment/path.sh
[1.379s] -- Up-to-date symlink: /home/amr/turtlebot3_ws/install/turtlebot3_msgs/share/turtlebot3_msgs/environment/path.dsv
[1.379s] -- Up-to-date symlink: /home/amr/turtlebot3_ws/install/turtlebot3_msgs/share/turtlebot3_msgs/local_setup.bash
[1.379s] -- Up-to-date symlink: /home/amr/turtlebot3_ws/install/turtlebot3_msgs/share/turtlebot3_msgs/local_setup.sh
[1.380s] -- Up-to-date symlink: /home/amr/turtlebot3_ws/install/turtlebot3_msgs/share/turtlebot3_msgs/local_setup.zsh
[1.380s] -- Up-to-date symlink: /home/amr/turtlebot3_ws/install/turtlebot3_msgs/share/turtlebot3_msgs/local_setup.dsv
[1.380s] -- Symlinking: /home/amr/turtlebot3_ws/install/turtlebot3_msgs/share/turtlebot3_msgs/package.dsv
[1.381s] -- Up-to-date symlink: /home/amr/turtlebot3_ws/install/turtlebot3_msgs/share/ament_index/resource_index/packages/turtlebot3_msgs
[1.381s] -- Up-to-date symlink: /home/amr/turtlebot3_ws/install/turtlebot3_msgs/share/turtlebot3_msgs/cmake/rosidl_cmake-extras.cmake
[1.381s] -- Up-to-date symlink: /home/amr/turtlebot3_ws/install/turtlebot3_msgs/share/turtlebot3_msgs/cmake/ament_cmake_export_dependencies-extras.cmake
[1.382s] -- Up-to-date symlink: /home/amr/turtlebot3_ws/install/turtlebot3_msgs/share/turtlebot3_msgs/cmake/ament_cmake_export_include_directories-extras.cmake
[1.382s] -- Up-to-date symlink: /home/amr/turtlebot3_ws/install/turtlebot3_msgs/share/turtlebot3_msgs/cmake/ament_cmake_export_libraries-extras.cmake
[1.382s] -- Up-to-date symlink: /home/amr/turtlebot3_ws/install/turtlebot3_msgs/share/turtlebot3_msgs/cmake/ament_cmake_export_targets-extras.cmake
[1.382s] -- Up-to-date symlink: /home/amr/turtlebot3_ws/install/turtlebot3_msgs/share/turtlebot3_msgs/cmake/rosidl_cmake_export_typesupport_targets-extras.cmake
[1.382s] -- Up-to-date symlink: /home/amr/turtlebot3_ws/install/turtlebot3_msgs/share/turtlebot3_msgs/cmake/rosidl_cmake_export_typesupport_libraries-extras.cmake
[1.382s] -- Up-to-date symlink: /home/amr/turtlebot3_ws/install/turtlebot3_msgs/share/turtlebot3_msgs/cmake/turtlebot3_msgsConfig.cmake
[1.382s] -- Up-to-date symlink: /home/amr/turtlebot3_ws/install/turtlebot3_msgs/share/turtlebot3_msgs/cmake/turtlebot3_msgsConfig-version.cmake
[1.383s] -- Up-to-date symlink: /home/amr/turtlebot3_ws/install/turtlebot3_msgs/share/turtlebot3_msgs/package.xml
[1.383s] -- Up-to-date: /home/amr/turtlebot3_ws/install/turtlebot3_msgs/lib/libturtlebot3_msgs__rosidl_generator_c.so
[1.383s] -- Up-to-date: /home/amr/turtlebot3_ws/install/turtlebot3_msgs/lib/libturtlebot3_msgs__rosidl_typesupport_fastrtps_c.so
[1.383s] -- Up-to-date: /home/amr/turtlebot3_ws/install/turtlebot3_msgs/lib/libturtlebot3_msgs__rosidl_typesupport_fastrtps_cpp.so
[1.383s] -- Up-to-date: /home/amr/turtlebot3_ws/install/turtlebot3_msgs/lib/libturtlebot3_msgs__rosidl_typesupport_introspection_c.so
[1.383s] -- Up-to-date: /home/amr/turtlebot3_ws/install/turtlebot3_msgs/lib/libturtlebot3_msgs__rosidl_typesupport_c.so
[1.383s] -- Up-to-date: /home/amr/turtlebot3_ws/install/turtlebot3_msgs/lib/libturtlebot3_msgs__rosidl_typesupport_introspection_cpp.so
[1.384s] -- Up-to-date: /home/amr/turtlebot3_ws/install/turtlebot3_msgs/lib/libturtlebot3_msgs__rosidl_typesupport_cpp.so
[1.432s] Listing '/home/amr/turtlebot3_ws/install/turtlebot3_msgs/local/lib/python3.10/dist-packages/turtlebot3_msgs'...
[1.433s] Listing '/home/amr/turtlebot3_ws/install/turtlebot3_msgs/local/lib/python3.10/dist-packages/turtlebot3_msgs/action'...
[1.433s] Listing '/home/amr/turtlebot3_ws/install/turtlebot3_msgs/local/lib/python3.10/dist-packages/turtlebot3_msgs/msg'...
[1.434s] Listing '/home/amr/turtlebot3_ws/install/turtlebot3_msgs/local/lib/python3.10/dist-packages/turtlebot3_msgs/srv'...
[1.443s] -- Up-to-date: /home/amr/turtlebot3_ws/install/turtlebot3_msgs/lib/libturtlebot3_msgs__rosidl_generator_py.so
[1.444s] -- Up-to-date: /home/amr/turtlebot3_ws/install/turtlebot3_msgs/share/turtlebot3_msgs/cmake/export_turtlebot3_msgs__rosidl_generator_cExport.cmake
[1.445s] -- Up-to-date: /home/amr/turtlebot3_ws/install/turtlebot3_msgs/share/turtlebot3_msgs/cmake/export_turtlebot3_msgs__rosidl_generator_cExport-noconfig.cmake
[1.445s] -- Up-to-date: /home/amr/turtlebot3_ws/install/turtlebot3_msgs/share/turtlebot3_msgs/cmake/export_turtlebot3_msgs__rosidl_typesupport_fastrtps_cExport.cmake
[1.446s] -- Up-to-date: /home/amr/turtlebot3_ws/install/turtlebot3_msgs/share/turtlebot3_msgs/cmake/export_turtlebot3_msgs__rosidl_typesupport_fastrtps_cExport-noconfig.cmake
[1.446s] -- Up-to-date: /home/amr/turtlebot3_ws/install/turtlebot3_msgs/share/turtlebot3_msgs/cmake/export_turtlebot3_msgs__rosidl_generator_cppExport.cmake
[1.446s] -- Up-to-date: /home/amr/turtlebot3_ws/install/turtlebot3_msgs/share/turtlebot3_msgs/cmake/export_turtlebot3_msgs__rosidl_typesupport_fastrtps_cppExport.cmake
[1.447s] -- Up-to-date: /home/amr/turtlebot3_ws/install/turtlebot3_msgs/share/turtlebot3_msgs/cmake/export_turtlebot3_msgs__rosidl_typesupport_fastrtps_cppExport-noconfig.cmake
[1.447s] -- Up-to-date: /home/amr/turtlebot3_ws/install/turtlebot3_msgs/share/turtlebot3_msgs/cmake/turtlebot3_msgs__rosidl_typesupport_introspection_cExport.cmake
[1.447s] -- Up-to-date: /home/amr/turtlebot3_ws/install/turtlebot3_msgs/share/turtlebot3_msgs/cmake/turtlebot3_msgs__rosidl_typesupport_introspection_cExport-noconfig.cmake
[1.447s] -- Up-to-date: /home/amr/turtlebot3_ws/install/turtlebot3_msgs/share/turtlebot3_msgs/cmake/turtlebot3_msgs__rosidl_typesupport_cExport.cmake
[1.448s] -- Up-to-date: /home/amr/turtlebot3_ws/install/turtlebot3_msgs/share/turtlebot3_msgs/cmake/turtlebot3_msgs__rosidl_typesupport_cExport-noconfig.cmake
[1.448s] -- Up-to-date: /home/amr/turtlebot3_ws/install/turtlebot3_msgs/share/turtlebot3_msgs/cmake/turtlebot3_msgs__rosidl_typesupport_introspection_cppExport.cmake
[1.450s] -- Up-to-date: /home/amr/turtlebot3_ws/install/turtlebot3_msgs/share/turtlebot3_msgs/cmake/turtlebot3_msgs__rosidl_typesupport_introspection_cppExport-noconfig.cmake
[1.451s] -- Up-to-date: /home/amr/turtlebot3_ws/install/turtlebot3_msgs/share/turtlebot3_msgs/cmake/turtlebot3_msgs__rosidl_typesupport_cppExport.cmake
[1.451s] -- Up-to-date: /home/amr/turtlebot3_ws/install/turtlebot3_msgs/share/turtlebot3_msgs/cmake/turtlebot3_msgs__rosidl_typesupport_cppExport-noconfig.cmake
[1.451s] -- Up-to-date: /home/amr/turtlebot3_ws/install/turtlebot3_msgs/share/turtlebot3_msgs/cmake/export_turtlebot3_msgs__rosidl_generator_pyExport.cmake
[1.451s] -- Up-to-date: /home/amr/turtlebot3_ws/install/turtlebot3_msgs/share/turtlebot3_msgs/cmake/export_turtlebot3_msgs__rosidl_generator_pyExport-noconfig.cmake
[1.508s] Invoked command in '/home/amr/turtlebot3_ws/build/turtlebot3_msgs' returned '0': CMAKE_PREFIX_PATH=/home/amr/install/turtlebot3:/home/amr/install/turtlebot3_simulations:/home/amr/install/turtlebot3_bringup:/home/amr/install/turtlebot3_node:/home/amr/install/turtlebot3_navigation2:/home/amr/install/turtlebot3_fake_node:/home/amr/install/turtlebot3_msgs:/home/amr/install/turtlebot3_manipulation_gazebo:/home/amr/install/turtlebot3_gazebo:/home/amr/install/turtlebot3_description:/home/amr/install/turtlebot3_cartographer:/home/amr/install/dynamixel_sdk_examples:/home/amr/install/dynamixel_sdk_custom_interfaces:/home/amr/install/dynamixel_sdk:/home/amr/turtlebot3_ws/install/turtlebot3:/home/amr/turtlebot3_ws/install/turtlebot3_simulations:/home/amr/turtlebot3_ws/install/turtlebot3_bringup:/home/amr/turtlebot3_ws/install/turtlebot3_node:/home/amr/turtlebot3_ws/install/turtlebot3_navigation2:/home/amr/turtlebot3_ws/install/turtlebot3_fake_node:/home/amr/turtlebot3_ws/install/turtlebot3_msgs:/home/amr/turtlebot3_ws/install/turtlebot3_manipulation_gazebo:/home/amr/turtlebot3_ws/install/turtlebot3_gazebo:/home/amr/turtlebot3_ws/install/turtlebot3_description:/home/amr/turtlebot3_ws/install/turtlebot3_cartographer:/home/amr/install/turtlebot3_teleop:/home/amr/install/turtlebot3_example:/home/amr/install/main:/home/amr/turtlebot3_ws/install/turtlebot3_teleop:/home/amr/turtlebot3_ws/install/turtlebot3_example:/home/amr/turtlebot3_ws/install/main:/home/amr/turtlebot3_ws/src/main/install/main:/opt/ros/humble:/home/amr/turtlebot3_ws/install/rplidar_ros:/home/amr/turtlebot3_ws/install/dynamixel_sdk_examples:/home/amr/turtlebot3_ws/install/dynamixel_sdk_custom_interfaces:/home/amr/turtlebot3_ws/install/dynamixel_sdk /usr/bin/cmake --install /home/amr/turtlebot3_ws/build/turtlebot3_msgs
