[0.450s] Invoking command in '/home/amr/turtlebot3_ws/build/turtlebot3_node': CMAKE_PREFIX_PATH=/home/amr/turtlebot3_ws/install/turtlebot3_msgs:/home/amr/turtlebot3_ws/install/dynamixel_sdk:/home/amr/turtlebot3_ws/install/turtlebot3_teleop:/home/amr/turtlebot3_ws/install/turtlebot3_example:/home/amr/turtlebot3_ws/src/main/install/main:/opt/ros/humble:/home/amr/turtlebot3_ws/install/rplidar_ros:/home/amr/turtlebot3_ws/install/turtlebot3:/home/amr/turtlebot3_ws/install/turtlebot3_simulations:/home/amr/turtlebot3_ws/install/turtlebot3_bringup:/home/amr/turtlebot3_ws/install/turtlebot3_node:/home/amr/turtlebot3_ws/install/turtlebot3_navigation2:/home/amr/turtlebot3_ws/install/turtlebot3_fake_node:/home/amr/turtlebot3_ws/install/turtlebot3_manipulation_gazebo:/home/amr/turtlebot3_ws/install/turtlebot3_gazebo:/home/amr/turtlebot3_ws/install/turtlebot3_description:/home/amr/turtlebot3_ws/install/turtlebot3_cartographer:/home/amr/turtlebot3_ws/install/main:/home/amr/turtlebot3_ws/install/dynamixel_sdk_examples:/home/amr/turtlebot3_ws/install/dynamixel_sdk_custom_interfaces LD_LIBRARY_PATH=/home/amr/turtlebot3_ws/install/turtlebot3_msgs/lib:/home/amr/turtlebot3_ws/install/dynamixel_sdk/lib:/home/amr/turtlebot3_ws/install/dynamixel_sdk_custom_interfaces/lib:/usr/lib/x86_64-linux-gnu/gazebo-11/plugins:/opt/ros/humble/opt/rviz_ogre_vendor/lib:/opt/ros/humble/lib/x86_64-linux-gnu:/opt/ros/humble/lib:/usr/lib/x86_64-linux-gnu/gazebo-11/plugins /usr/bin/cmake --build /home/amr/turtlebot3_ws/build/turtlebot3_node -- -j4 -l4
[0.534s] [35m[1mConsolidate compiler generated dependencies of target turtlebot3_node_lib[0m
[0.583s] [ 85%] Built target turtlebot3_node_lib
[0.602s] [35m[1mConsolidate compiler generated dependencies of target turtlebot3_ros[0m
[0.635s] [100%] Built target turtlebot3_ros
[1.072s] Invoked command in '/home/amr/turtlebot3_ws/build/turtlebot3_node' returned '0': CMAKE_PREFIX_PATH=/home/amr/turtlebot3_ws/install/turtlebot3_msgs:/home/amr/turtlebot3_ws/install/dynamixel_sdk:/home/amr/turtlebot3_ws/install/turtlebot3_teleop:/home/amr/turtlebot3_ws/install/turtlebot3_example:/home/amr/turtlebot3_ws/src/main/install/main:/opt/ros/humble:/home/amr/turtlebot3_ws/install/rplidar_ros:/home/amr/turtlebot3_ws/install/turtlebot3:/home/amr/turtlebot3_ws/install/turtlebot3_simulations:/home/amr/turtlebot3_ws/install/turtlebot3_bringup:/home/amr/turtlebot3_ws/install/turtlebot3_node:/home/amr/turtlebot3_ws/install/turtlebot3_navigation2:/home/amr/turtlebot3_ws/install/turtlebot3_fake_node:/home/amr/turtlebot3_ws/install/turtlebot3_manipulation_gazebo:/home/amr/turtlebot3_ws/install/turtlebot3_gazebo:/home/amr/turtlebot3_ws/install/turtlebot3_description:/home/amr/turtlebot3_ws/install/turtlebot3_cartographer:/home/amr/turtlebot3_ws/install/main:/home/amr/turtlebot3_ws/install/dynamixel_sdk_examples:/home/amr/turtlebot3_ws/install/dynamixel_sdk_custom_interfaces LD_LIBRARY_PATH=/home/amr/turtlebot3_ws/install/turtlebot3_msgs/lib:/home/amr/turtlebot3_ws/install/dynamixel_sdk/lib:/home/amr/turtlebot3_ws/install/dynamixel_sdk_custom_interfaces/lib:/usr/lib/x86_64-linux-gnu/gazebo-11/plugins:/opt/ros/humble/opt/rviz_ogre_vendor/lib:/opt/ros/humble/lib/x86_64-linux-gnu:/opt/ros/humble/lib:/usr/lib/x86_64-linux-gnu/gazebo-11/plugins /usr/bin/cmake --build /home/amr/turtlebot3_ws/build/turtlebot3_node -- -j4 -l4
[1.076s] Invoking command in '/home/amr/turtlebot3_ws/build/turtlebot3_node': CMAKE_PREFIX_PATH=/home/amr/turtlebot3_ws/install/turtlebot3_msgs:/home/amr/turtlebot3_ws/install/dynamixel_sdk:/home/amr/turtlebot3_ws/install/turtlebot3_teleop:/home/amr/turtlebot3_ws/install/turtlebot3_example:/home/amr/turtlebot3_ws/src/main/install/main:/opt/ros/humble:/home/amr/turtlebot3_ws/install/rplidar_ros:/home/amr/turtlebot3_ws/install/turtlebot3:/home/amr/turtlebot3_ws/install/turtlebot3_simulations:/home/amr/turtlebot3_ws/install/turtlebot3_bringup:/home/amr/turtlebot3_ws/install/turtlebot3_node:/home/amr/turtlebot3_ws/install/turtlebot3_navigation2:/home/amr/turtlebot3_ws/install/turtlebot3_fake_node:/home/amr/turtlebot3_ws/install/turtlebot3_manipulation_gazebo:/home/amr/turtlebot3_ws/install/turtlebot3_gazebo:/home/amr/turtlebot3_ws/install/turtlebot3_description:/home/amr/turtlebot3_ws/install/turtlebot3_cartographer:/home/amr/turtlebot3_ws/install/main:/home/amr/turtlebot3_ws/install/dynamixel_sdk_examples:/home/amr/turtlebot3_ws/install/dynamixel_sdk_custom_interfaces LD_LIBRARY_PATH=/home/amr/turtlebot3_ws/install/turtlebot3_msgs/lib:/home/amr/turtlebot3_ws/install/dynamixel_sdk/lib:/home/amr/turtlebot3_ws/install/dynamixel_sdk_custom_interfaces/lib:/usr/lib/x86_64-linux-gnu/gazebo-11/plugins:/opt/ros/humble/opt/rviz_ogre_vendor/lib:/opt/ros/humble/lib/x86_64-linux-gnu:/opt/ros/humble/lib:/usr/lib/x86_64-linux-gnu/gazebo-11/plugins /usr/bin/cmake --install /home/amr/turtlebot3_ws/build/turtlebot3_node
[1.087s] -- Install configuration: ""
[1.088s] -- Execute custom install script
[1.089s] -- Up-to-date symlink: /home/amr/turtlebot3_ws/install/turtlebot3_node/share/turtlebot3_node/param/burger.yaml
[1.090s] -- Up-to-date symlink: /home/amr/turtlebot3_ws/install/turtlebot3_node/share/turtlebot3_node/param/waffle.yaml
[1.090s] -- Up-to-date symlink: /home/amr/turtlebot3_ws/install/turtlebot3_node/share/turtlebot3_node/param/waffle_pi.yaml
[1.090s] -- Up-to-date symlink: /home/amr/turtlebot3_ws/install/turtlebot3_node/lib/turtlebot3_node/turtlebot3_ros
[1.090s] -- Up-to-date symlink: /home/amr/turtlebot3_ws/install/turtlebot3_node/share/ament_index/resource_index/package_run_dependencies/turtlebot3_node
[1.091s] -- Up-to-date symlink: /home/amr/turtlebot3_ws/install/turtlebot3_node/share/ament_index/resource_index/parent_prefix_path/turtlebot3_node
[1.092s] -- Up-to-date symlink: /home/amr/turtlebot3_ws/install/turtlebot3_node/share/turtlebot3_node/environment/ament_prefix_path.sh
[1.092s] -- Up-to-date symlink: /home/amr/turtlebot3_ws/install/turtlebot3_node/share/turtlebot3_node/environment/ament_prefix_path.dsv
[1.092s] -- Up-to-date symlink: /home/amr/turtlebot3_ws/install/turtlebot3_node/share/turtlebot3_node/environment/path.sh
[1.092s] -- Up-to-date symlink: /home/amr/turtlebot3_ws/install/turtlebot3_node/share/turtlebot3_node/environment/path.dsv
[1.092s] -- Up-to-date symlink: /home/amr/turtlebot3_ws/install/turtlebot3_node/share/turtlebot3_node/local_setup.bash
[1.095s] -- Up-to-date symlink: /home/amr/turtlebot3_ws/install/turtlebot3_node/share/turtlebot3_node/local_setup.sh
[1.095s] -- Up-to-date symlink: /home/amr/turtlebot3_ws/install/turtlebot3_node/share/turtlebot3_node/local_setup.zsh
[1.095s] -- Up-to-date symlink: /home/amr/turtlebot3_ws/install/turtlebot3_node/share/turtlebot3_node/local_setup.dsv
[1.095s] -- Symlinking: /home/amr/turtlebot3_ws/install/turtlebot3_node/share/turtlebot3_node/package.dsv
[1.108s] -- Up-to-date symlink: /home/amr/turtlebot3_ws/install/turtlebot3_node/share/ament_index/resource_index/packages/turtlebot3_node
[1.109s] -- Up-to-date symlink: /home/amr/turtlebot3_ws/install/turtlebot3_node/share/turtlebot3_node/cmake/ament_cmake_export_dependencies-extras.cmake
[1.109s] -- Up-to-date symlink: /home/amr/turtlebot3_ws/install/turtlebot3_node/share/turtlebot3_node/cmake/ament_cmake_export_include_directories-extras.cmake
[1.109s] -- Up-to-date symlink: /home/amr/turtlebot3_ws/install/turtlebot3_node/share/turtlebot3_node/cmake/turtlebot3_nodeConfig.cmake
[1.112s] -- Up-to-date symlink: /home/amr/turtlebot3_ws/install/turtlebot3_node/share/turtlebot3_node/cmake/turtlebot3_nodeConfig-version.cmake
[1.112s] -- Up-to-date symlink: /home/amr/turtlebot3_ws/install/turtlebot3_node/share/turtlebot3_node/package.xml
[1.120s] Invoked command in '/home/amr/turtlebot3_ws/build/turtlebot3_node' returned '0': CMAKE_PREFIX_PATH=/home/amr/turtlebot3_ws/install/turtlebot3_msgs:/home/amr/turtlebot3_ws/install/dynamixel_sdk:/home/amr/turtlebot3_ws/install/turtlebot3_teleop:/home/amr/turtlebot3_ws/install/turtlebot3_example:/home/amr/turtlebot3_ws/src/main/install/main:/opt/ros/humble:/home/amr/turtlebot3_ws/install/rplidar_ros:/home/amr/turtlebot3_ws/install/turtlebot3:/home/amr/turtlebot3_ws/install/turtlebot3_simulations:/home/amr/turtlebot3_ws/install/turtlebot3_bringup:/home/amr/turtlebot3_ws/install/turtlebot3_node:/home/amr/turtlebot3_ws/install/turtlebot3_navigation2:/home/amr/turtlebot3_ws/install/turtlebot3_fake_node:/home/amr/turtlebot3_ws/install/turtlebot3_manipulation_gazebo:/home/amr/turtlebot3_ws/install/turtlebot3_gazebo:/home/amr/turtlebot3_ws/install/turtlebot3_description:/home/amr/turtlebot3_ws/install/turtlebot3_cartographer:/home/amr/turtlebot3_ws/install/main:/home/amr/turtlebot3_ws/install/dynamixel_sdk_examples:/home/amr/turtlebot3_ws/install/dynamixel_sdk_custom_interfaces LD_LIBRARY_PATH=/home/amr/turtlebot3_ws/install/turtlebot3_msgs/lib:/home/amr/turtlebot3_ws/install/dynamixel_sdk/lib:/home/amr/turtlebot3_ws/install/dynamixel_sdk_custom_interfaces/lib:/usr/lib/x86_64-linux-gnu/gazebo-11/plugins:/opt/ros/humble/opt/rviz_ogre_vendor/lib:/opt/ros/humble/lib/x86_64-linux-gnu:/opt/ros/humble/lib:/usr/lib/x86_64-linux-gnu/gazebo-11/plugins /usr/bin/cmake --install /home/amr/turtlebot3_ws/build/turtlebot3_node
