[0.103s] Invoking command in '/home/amr/turtlebot3_ws/build/turtlebot3_manipulation_gazebo': CMAKE_PREFIX_PATH=/home/amr/turtlebot3_ws/install/turtlebot3:/home/amr/turtlebot3_ws/install/turtlebot3_simulations:/home/amr/turtlebot3_ws/install/turtlebot3_bringup:/home/amr/turtlebot3_ws/install/turtlebot3_node:/home/amr/turtlebot3_ws/install/turtlebot3_navigation2:/home/amr/turtlebot3_ws/install/turtlebot3_fake_node:/home/amr/turtlebot3_ws/install/turtlebot3_msgs:/home/amr/turtlebot3_ws/install/turtlebot3_manipulation_gazebo:/home/amr/turtlebot3_ws/install/turtlebot3_gazebo:/home/amr/turtlebot3_ws/install/turtlebot3_description:/home/amr/turtlebot3_ws/install/turtlebot3_cartographer:/home/amr/turtlebot3_ws/install/turtlebot3_teleop:/home/amr/turtlebot3_ws/install/turtlebot3_example:/home/amr/turtlebot3_ws/install/main:/home/amr/turtlebot3_ws/src/main/install/main:/home/amr/install/turtlebot3_teleop:/home/amr/install/turtlebot3_example:/home/amr/install/main:/opt/ros/humble:/home/amr/turtlebot3_ws/install/rplidar_ros:/home/amr/turtlebot3_ws/install/dynamixel_sdk_examples:/home/amr/turtlebot3_ws/install/dynamixel_sdk_custom_interfaces:/home/amr/turtlebot3_ws/install/dynamixel_sdk:/home/amr/install/turtlebot3:/home/amr/install/turtlebot3_simulations:/home/amr/install/turtlebot3_bringup:/home/amr/install/turtlebot3_node:/home/amr/install/turtlebot3_navigation2:/home/amr/install/turtlebot3_fake_node:/home/amr/install/turtlebot3_msgs:/home/amr/install/turtlebot3_manipulation_gazebo:/home/amr/install/turtlebot3_gazebo:/home/amr/install/turtlebot3_description:/home/amr/install/turtlebot3_cartographer:/home/amr/install/dynamixel_sdk_examples:/home/amr/install/dynamixel_sdk_custom_interfaces:/home/amr/install/dynamixel_sdk /usr/bin/cmake --build /home/amr/turtlebot3_ws/build/turtlebot3_manipulation_gazebo -- -j4 -l4
[0.545s] Invoked command in '/home/amr/turtlebot3_ws/build/turtlebot3_manipulation_gazebo' returned '0': CMAKE_PREFIX_PATH=/home/amr/turtlebot3_ws/install/turtlebot3:/home/amr/turtlebot3_ws/install/turtlebot3_simulations:/home/amr/turtlebot3_ws/install/turtlebot3_bringup:/home/amr/turtlebot3_ws/install/turtlebot3_node:/home/amr/turtlebot3_ws/install/turtlebot3_navigation2:/home/amr/turtlebot3_ws/install/turtlebot3_fake_node:/home/amr/turtlebot3_ws/install/turtlebot3_msgs:/home/amr/turtlebot3_ws/install/turtlebot3_manipulation_gazebo:/home/amr/turtlebot3_ws/install/turtlebot3_gazebo:/home/amr/turtlebot3_ws/install/turtlebot3_description:/home/amr/turtlebot3_ws/install/turtlebot3_cartographer:/home/amr/turtlebot3_ws/install/turtlebot3_teleop:/home/amr/turtlebot3_ws/install/turtlebot3_example:/home/amr/turtlebot3_ws/install/main:/home/amr/turtlebot3_ws/src/main/install/main:/home/amr/install/turtlebot3_teleop:/home/amr/install/turtlebot3_example:/home/amr/install/main:/opt/ros/humble:/home/amr/turtlebot3_ws/install/rplidar_ros:/home/amr/turtlebot3_ws/install/dynamixel_sdk_examples:/home/amr/turtlebot3_ws/install/dynamixel_sdk_custom_interfaces:/home/amr/turtlebot3_ws/install/dynamixel_sdk:/home/amr/install/turtlebot3:/home/amr/install/turtlebot3_simulations:/home/amr/install/turtlebot3_bringup:/home/amr/install/turtlebot3_node:/home/amr/install/turtlebot3_navigation2:/home/amr/install/turtlebot3_fake_node:/home/amr/install/turtlebot3_msgs:/home/amr/install/turtlebot3_manipulation_gazebo:/home/amr/install/turtlebot3_gazebo:/home/amr/install/turtlebot3_description:/home/amr/install/turtlebot3_cartographer:/home/amr/install/dynamixel_sdk_examples:/home/amr/install/dynamixel_sdk_custom_interfaces:/home/amr/install/dynamixel_sdk /usr/bin/cmake --build /home/amr/turtlebot3_ws/build/turtlebot3_manipulation_gazebo -- -j4 -l4
[0.548s] Invoking command in '/home/amr/turtlebot3_ws/build/turtlebot3_manipulation_gazebo': CMAKE_PREFIX_PATH=/home/amr/turtlebot3_ws/install/turtlebot3:/home/amr/turtlebot3_ws/install/turtlebot3_simulations:/home/amr/turtlebot3_ws/install/turtlebot3_bringup:/home/amr/turtlebot3_ws/install/turtlebot3_node:/home/amr/turtlebot3_ws/install/turtlebot3_navigation2:/home/amr/turtlebot3_ws/install/turtlebot3_fake_node:/home/amr/turtlebot3_ws/install/turtlebot3_msgs:/home/amr/turtlebot3_ws/install/turtlebot3_manipulation_gazebo:/home/amr/turtlebot3_ws/install/turtlebot3_gazebo:/home/amr/turtlebot3_ws/install/turtlebot3_description:/home/amr/turtlebot3_ws/install/turtlebot3_cartographer:/home/amr/turtlebot3_ws/install/turtlebot3_teleop:/home/amr/turtlebot3_ws/install/turtlebot3_example:/home/amr/turtlebot3_ws/install/main:/home/amr/turtlebot3_ws/src/main/install/main:/home/amr/install/turtlebot3_teleop:/home/amr/install/turtlebot3_example:/home/amr/install/main:/opt/ros/humble:/home/amr/turtlebot3_ws/install/rplidar_ros:/home/amr/turtlebot3_ws/install/dynamixel_sdk_examples:/home/amr/turtlebot3_ws/install/dynamixel_sdk_custom_interfaces:/home/amr/turtlebot3_ws/install/dynamixel_sdk:/home/amr/install/turtlebot3:/home/amr/install/turtlebot3_simulations:/home/amr/install/turtlebot3_bringup:/home/amr/install/turtlebot3_node:/home/amr/install/turtlebot3_navigation2:/home/amr/install/turtlebot3_fake_node:/home/amr/install/turtlebot3_msgs:/home/amr/install/turtlebot3_manipulation_gazebo:/home/amr/install/turtlebot3_gazebo:/home/amr/install/turtlebot3_description:/home/amr/install/turtlebot3_cartographer:/home/amr/install/dynamixel_sdk_examples:/home/amr/install/dynamixel_sdk_custom_interfaces:/home/amr/install/dynamixel_sdk /usr/bin/cmake --install /home/amr/turtlebot3_ws/build/turtlebot3_manipulation_gazebo
[0.561s] -- Install configuration: ""
[0.561s] -- Execute custom install script
[0.564s] -- Up-to-date symlink: /home/amr/turtlebot3_ws/install/turtlebot3_manipulation_gazebo/share/turtlebot3_manipulation_gazebo/config/gazebo_controller_manager.yaml
[0.565s] -- Up-to-date symlink: /home/amr/turtlebot3_ws/install/turtlebot3_manipulation_gazebo/share/turtlebot3_manipulation_gazebo/config/hardware_controller_manager.yaml
[0.566s] -- Up-to-date symlink: /home/amr/turtlebot3_ws/install/turtlebot3_manipulation_gazebo/share/turtlebot3_manipulation_gazebo/gazebo/materials.xacro
[0.566s] -- Up-to-date symlink: /home/amr/turtlebot3_ws/install/turtlebot3_manipulation_gazebo/share/turtlebot3_manipulation_gazebo/gazebo/open_manipulator_x.gazebo.xacro
[0.567s] -- Up-to-date symlink: /home/amr/turtlebot3_ws/install/turtlebot3_manipulation_gazebo/share/turtlebot3_manipulation_gazebo/gazebo/turtlebot3_waffle_pi.gazebo.xacro
[0.568s] -- Up-to-date symlink: /home/amr/turtlebot3_ws/install/turtlebot3_manipulation_gazebo/share/turtlebot3_manipulation_gazebo/launch/base.launch.py
[0.570s] -- Up-to-date symlink: /home/amr/turtlebot3_ws/install/turtlebot3_manipulation_gazebo/share/turtlebot3_manipulation_gazebo/launch/fake.launch.py
[0.570s] -- Up-to-date symlink: /home/amr/turtlebot3_ws/install/turtlebot3_manipulation_gazebo/share/turtlebot3_manipulation_gazebo/launch/gazebo.launch.py
[0.570s] -- Up-to-date symlink: /home/amr/turtlebot3_ws/install/turtlebot3_manipulation_gazebo/share/turtlebot3_manipulation_gazebo/launch/turtlebot3_home_service_challenge.launch.py
[0.571s] -- Up-to-date symlink: /home/amr/turtlebot3_ws/install/turtlebot3_manipulation_gazebo/share/turtlebot3_manipulation_gazebo/ros2_control/turtlebot3_manipulation_system.ros2_control.xacro
[0.572s] -- Up-to-date symlink: /home/amr/turtlebot3_ws/install/turtlebot3_manipulation_gazebo/share/turtlebot3_manipulation_gazebo/rviz/turtlebot3_manipulation.rviz
[0.574s] -- Up-to-date symlink: /home/amr/turtlebot3_ws/install/turtlebot3_manipulation_gazebo/share/turtlebot3_manipulation_gazebo/urdf/open_manipulator_x.urdf.xacro
[0.576s] -- Up-to-date symlink: /home/amr/turtlebot3_ws/install/turtlebot3_manipulation_gazebo/share/turtlebot3_manipulation_gazebo/urdf/turtlebot3_manipulation.urdf.xacro
[0.576s] -- Up-to-date symlink: /home/amr/turtlebot3_ws/install/turtlebot3_manipulation_gazebo/share/turtlebot3_manipulation_gazebo/urdf/turtlebot3_waffle_pi.urdf.xacro
[0.577s] -- Up-to-date symlink: /home/amr/turtlebot3_ws/install/turtlebot3_manipulation_gazebo/share/turtlebot3_manipulation_gazebo/worlds/turtlebot3_home_service_challenge.world
[0.585s] -- Up-to-date symlink: /home/amr/turtlebot3_ws/install/turtlebot3_manipulation_gazebo/share/turtlebot3_manipulation_gazebo/models/turtlebot3_home_service_challenge/marker0/materials/textures/Marker0.png
[0.585s] -- Up-to-date symlink: /home/amr/turtlebot3_ws/install/turtlebot3_manipulation_gazebo/share/turtlebot3_manipulation_gazebo/models/turtlebot3_home_service_challenge/marker0/meshes/Marker0.dae
[0.585s] -- Up-to-date symlink: /home/amr/turtlebot3_ws/install/turtlebot3_manipulation_gazebo/share/turtlebot3_manipulation_gazebo/models/turtlebot3_home_service_challenge/marker0/model-1_4.sdf
[0.585s] -- Up-to-date symlink: /home/amr/turtlebot3_ws/install/turtlebot3_manipulation_gazebo/share/turtlebot3_manipulation_gazebo/models/turtlebot3_home_service_challenge/marker0/model-1_5.sdf
[0.586s] -- Up-to-date symlink: /home/amr/turtlebot3_ws/install/turtlebot3_manipulation_gazebo/share/turtlebot3_manipulation_gazebo/models/turtlebot3_home_service_challenge/marker0/model.config
[0.586s] -- Up-to-date symlink: /home/amr/turtlebot3_ws/install/turtlebot3_manipulation_gazebo/share/turtlebot3_manipulation_gazebo/models/turtlebot3_home_service_challenge/marker0/model.sdf
[0.588s] -- Up-to-date symlink: /home/amr/turtlebot3_ws/install/turtlebot3_manipulation_gazebo/share/turtlebot3_manipulation_gazebo/models/turtlebot3_home_service_challenge/marker1/materials/textures/Marker1.png
[0.588s] -- Up-to-date symlink: /home/amr/turtlebot3_ws/install/turtlebot3_manipulation_gazebo/share/turtlebot3_manipulation_gazebo/models/turtlebot3_home_service_challenge/marker1/meshes/Marker1.dae
[0.588s] -- Up-to-date symlink: /home/amr/turtlebot3_ws/install/turtlebot3_manipulation_gazebo/share/turtlebot3_manipulation_gazebo/models/turtlebot3_home_service_challenge/marker1/model-1_4.sdf
[0.589s] -- Up-to-date symlink: /home/amr/turtlebot3_ws/install/turtlebot3_manipulation_gazebo/share/turtlebot3_manipulation_gazebo/models/turtlebot3_home_service_challenge/marker1/model-1_5.sdf
[0.589s] -- Up-to-date symlink: /home/amr/turtlebot3_ws/install/turtlebot3_manipulation_gazebo/share/turtlebot3_manipulation_gazebo/models/turtlebot3_home_service_challenge/marker1/model.config
[0.590s] -- Up-to-date symlink: /home/amr/turtlebot3_ws/install/turtlebot3_manipulation_gazebo/share/turtlebot3_manipulation_gazebo/models/turtlebot3_home_service_challenge/marker1/model.sdf
[0.591s] -- Up-to-date symlink: /home/amr/turtlebot3_ws/install/turtlebot3_manipulation_gazebo/share/turtlebot3_manipulation_gazebo/models/turtlebot3_home_service_challenge/marker2/materials/textures/Marker2.png
[0.592s] -- Up-to-date symlink: /home/amr/turtlebot3_ws/install/turtlebot3_manipulation_gazebo/share/turtlebot3_manipulation_gazebo/models/turtlebot3_home_service_challenge/marker2/meshes/Marker2.dae
[0.592s] -- Up-to-date symlink: /home/amr/turtlebot3_ws/install/turtlebot3_manipulation_gazebo/share/turtlebot3_manipulation_gazebo/models/turtlebot3_home_service_challenge/marker2/model-1_4.sdf
[0.593s] -- Up-to-date symlink: /home/amr/turtlebot3_ws/install/turtlebot3_manipulation_gazebo/share/turtlebot3_manipulation_gazebo/models/turtlebot3_home_service_challenge/marker2/model-1_5.sdf
[0.593s] -- Up-to-date symlink: /home/amr/turtlebot3_ws/install/turtlebot3_manipulation_gazebo/share/turtlebot3_manipulation_gazebo/models/turtlebot3_home_service_challenge/marker2/model.config
[0.593s] -- Up-to-date symlink: /home/amr/turtlebot3_ws/install/turtlebot3_manipulation_gazebo/share/turtlebot3_manipulation_gazebo/models/turtlebot3_home_service_challenge/marker2/model.sdf
[0.595s] -- Up-to-date symlink: /home/amr/turtlebot3_ws/install/turtlebot3_manipulation_gazebo/share/turtlebot3_manipulation_gazebo/models/turtlebot3_home_service_challenge/marker3/materials/textures/Marker3.png
[0.595s] -- Up-to-date symlink: /home/amr/turtlebot3_ws/install/turtlebot3_manipulation_gazebo/share/turtlebot3_manipulation_gazebo/models/turtlebot3_home_service_challenge/marker3/meshes/Marker3.dae
[0.597s] -- Up-to-date symlink: /home/amr/turtlebot3_ws/install/turtlebot3_manipulation_gazebo/share/turtlebot3_manipulation_gazebo/models/turtlebot3_home_service_challenge/marker3/model-1_4.sdf
[0.598s] -- Up-to-date symlink: /home/amr/turtlebot3_ws/install/turtlebot3_manipulation_gazebo/share/turtlebot3_manipulation_gazebo/models/turtlebot3_home_service_challenge/marker3/model-1_5.sdf
[0.598s] -- Up-to-date symlink: /home/amr/turtlebot3_ws/install/turtlebot3_manipulation_gazebo/share/turtlebot3_manipulation_gazebo/models/turtlebot3_home_service_challenge/marker3/model.config
[0.598s] -- Up-to-date symlink: /home/amr/turtlebot3_ws/install/turtlebot3_manipulation_gazebo/share/turtlebot3_manipulation_gazebo/models/turtlebot3_home_service_challenge/marker3/model.sdf
[0.599s] -- Up-to-date symlink: /home/amr/turtlebot3_ws/install/turtlebot3_manipulation_gazebo/share/turtlebot3_manipulation_gazebo/models/turtlebot3_home_service_challenge/marker4/materials/textures/Marker4.png
[0.599s] -- Up-to-date symlink: /home/amr/turtlebot3_ws/install/turtlebot3_manipulation_gazebo/share/turtlebot3_manipulation_gazebo/models/turtlebot3_home_service_challenge/marker4/meshes/Marker4.dae
[0.600s] -- Up-to-date symlink: /home/amr/turtlebot3_ws/install/turtlebot3_manipulation_gazebo/share/turtlebot3_manipulation_gazebo/models/turtlebot3_home_service_challenge/marker4/model-1_4.sdf
[0.600s] -- Up-to-date symlink: /home/amr/turtlebot3_ws/install/turtlebot3_manipulation_gazebo/share/turtlebot3_manipulation_gazebo/models/turtlebot3_home_service_challenge/marker4/model-1_5.sdf
[0.600s] -- Up-to-date symlink: /home/amr/turtlebot3_ws/install/turtlebot3_manipulation_gazebo/share/turtlebot3_manipulation_gazebo/models/turtlebot3_home_service_challenge/marker4/model.config
[0.600s] -- Up-to-date symlink: /home/amr/turtlebot3_ws/install/turtlebot3_manipulation_gazebo/share/turtlebot3_manipulation_gazebo/models/turtlebot3_home_service_challenge/marker4/model.sdf
[0.600s] -- Up-to-date symlink: /home/amr/turtlebot3_ws/install/turtlebot3_manipulation_gazebo/share/turtlebot3_manipulation_gazebo/models/turtlebot3_home_service_challenge/marker5/materials/textures/Marker5.png
[0.601s] -- Up-to-date symlink: /home/amr/turtlebot3_ws/install/turtlebot3_manipulation_gazebo/share/turtlebot3_manipulation_gazebo/models/turtlebot3_home_service_challenge/marker5/meshes/Marker5.dae
[0.601s] -- Up-to-date symlink: /home/amr/turtlebot3_ws/install/turtlebot3_manipulation_gazebo/share/turtlebot3_manipulation_gazebo/models/turtlebot3_home_service_challenge/marker5/model-1_4.sdf
[0.601s] -- Up-to-date symlink: /home/amr/turtlebot3_ws/install/turtlebot3_manipulation_gazebo/share/turtlebot3_manipulation_gazebo/models/turtlebot3_home_service_challenge/marker5/model-1_5.sdf
[0.601s] -- Up-to-date symlink: /home/amr/turtlebot3_ws/install/turtlebot3_manipulation_gazebo/share/turtlebot3_manipulation_gazebo/models/turtlebot3_home_service_challenge/marker5/model.config
[0.601s] -- Up-to-date symlink: /home/amr/turtlebot3_ws/install/turtlebot3_manipulation_gazebo/share/turtlebot3_manipulation_gazebo/models/turtlebot3_home_service_challenge/marker5/model.sdf
[0.602s] -- Up-to-date symlink: /home/amr/turtlebot3_ws/install/turtlebot3_manipulation_gazebo/share/turtlebot3_manipulation_gazebo/models/turtlebot3_home_service_challenge/marker6/materials/textures/Marker6.png
[0.602s] -- Up-to-date symlink: /home/amr/turtlebot3_ws/install/turtlebot3_manipulation_gazebo/share/turtlebot3_manipulation_gazebo/models/turtlebot3_home_service_challenge/marker6/meshes/Marker6.dae
[0.602s] -- Up-to-date symlink: /home/amr/turtlebot3_ws/install/turtlebot3_manipulation_gazebo/share/turtlebot3_manipulation_gazebo/models/turtlebot3_home_service_challenge/marker6/model-1_4.sdf
[0.602s] -- Up-to-date symlink: /home/amr/turtlebot3_ws/install/turtlebot3_manipulation_gazebo/share/turtlebot3_manipulation_gazebo/models/turtlebot3_home_service_challenge/marker6/model-1_5.sdf
[0.603s] -- Up-to-date symlink: /home/amr/turtlebot3_ws/install/turtlebot3_manipulation_gazebo/share/turtlebot3_manipulation_gazebo/models/turtlebot3_home_service_challenge/marker6/model.config
[0.603s] -- Up-to-date symlink: /home/amr/turtlebot3_ws/install/turtlebot3_manipulation_gazebo/share/turtlebot3_manipulation_gazebo/models/turtlebot3_home_service_challenge/marker6/model.sdf
[0.603s] -- Up-to-date symlink: /home/amr/turtlebot3_ws/install/turtlebot3_manipulation_gazebo/share/turtlebot3_manipulation_gazebo/models/turtlebot3_home_service_challenge/marker7/materials/textures/Marker7.png
[0.605s] -- Up-to-date symlink: /home/amr/turtlebot3_ws/install/turtlebot3_manipulation_gazebo/share/turtlebot3_manipulation_gazebo/models/turtlebot3_home_service_challenge/marker7/meshes/Marker7.dae
[0.605s] -- Up-to-date symlink: /home/amr/turtlebot3_ws/install/turtlebot3_manipulation_gazebo/share/turtlebot3_manipulation_gazebo/models/turtlebot3_home_service_challenge/marker7/model-1_4.sdf
[0.605s] -- Up-to-date symlink: /home/amr/turtlebot3_ws/install/turtlebot3_manipulation_gazebo/share/turtlebot3_manipulation_gazebo/models/turtlebot3_home_service_challenge/marker7/model-1_5.sdf
[0.606s] -- Up-to-date symlink: /home/amr/turtlebot3_ws/install/turtlebot3_manipulation_gazebo/share/turtlebot3_manipulation_gazebo/models/turtlebot3_home_service_challenge/marker7/model.config
[0.606s] -- Up-to-date symlink: /home/amr/turtlebot3_ws/install/turtlebot3_manipulation_gazebo/share/turtlebot3_manipulation_gazebo/models/turtlebot3_home_service_challenge/marker7/model.sdf
[0.606s] -- Up-to-date symlink: /home/amr/turtlebot3_ws/install/turtlebot3_manipulation_gazebo/share/turtlebot3_manipulation_gazebo/models/turtlebot3_home_service_challenge/marker8/materials/textures/Marker8.png
[0.606s] -- Up-to-date symlink: /home/amr/turtlebot3_ws/install/turtlebot3_manipulation_gazebo/share/turtlebot3_manipulation_gazebo/models/turtlebot3_home_service_challenge/marker8/meshes/Marker8.dae
[0.606s] -- Up-to-date symlink: /home/amr/turtlebot3_ws/install/turtlebot3_manipulation_gazebo/share/turtlebot3_manipulation_gazebo/models/turtlebot3_home_service_challenge/marker8/model-1_4.sdf
[0.607s] -- Up-to-date symlink: /home/amr/turtlebot3_ws/install/turtlebot3_manipulation_gazebo/share/turtlebot3_manipulation_gazebo/models/turtlebot3_home_service_challenge/marker8/model-1_5.sdf
[0.607s] -- Up-to-date symlink: /home/amr/turtlebot3_ws/install/turtlebot3_manipulation_gazebo/share/turtlebot3_manipulation_gazebo/models/turtlebot3_home_service_challenge/marker8/model.config
[0.607s] -- Up-to-date symlink: /home/amr/turtlebot3_ws/install/turtlebot3_manipulation_gazebo/share/turtlebot3_manipulation_gazebo/models/turtlebot3_home_service_challenge/marker8/model.sdf
[0.608s] -- Up-to-date symlink: /home/amr/turtlebot3_ws/install/turtlebot3_manipulation_gazebo/share/turtlebot3_manipulation_gazebo/models/turtlebot3_home_service_challenge/marker9/materials/textures/Marker9.png
[0.608s] -- Up-to-date symlink: /home/amr/turtlebot3_ws/install/turtlebot3_manipulation_gazebo/share/turtlebot3_manipulation_gazebo/models/turtlebot3_home_service_challenge/marker9/meshes/Marker9.dae
[0.608s] -- Up-to-date symlink: /home/amr/turtlebot3_ws/install/turtlebot3_manipulation_gazebo/share/turtlebot3_manipulation_gazebo/models/turtlebot3_home_service_challenge/marker9/model-1_4.sdf
[0.608s] -- Up-to-date symlink: /home/amr/turtlebot3_ws/install/turtlebot3_manipulation_gazebo/share/turtlebot3_manipulation_gazebo/models/turtlebot3_home_service_challenge/marker9/model-1_5.sdf
[0.609s] -- Up-to-date symlink: /home/amr/turtlebot3_ws/install/turtlebot3_manipulation_gazebo/share/turtlebot3_manipulation_gazebo/models/turtlebot3_home_service_challenge/marker9/model.config
[0.609s] -- Up-to-date symlink: /home/amr/turtlebot3_ws/install/turtlebot3_manipulation_gazebo/share/turtlebot3_manipulation_gazebo/models/turtlebot3_home_service_challenge/marker9/model.sdf
[0.610s] -- Up-to-date symlink: /home/amr/turtlebot3_ws/install/turtlebot3_manipulation_gazebo/share/turtlebot3_manipulation_gazebo/meshes/open_manipulator_x/gripper_left_palm.stl
[0.612s] -- Up-to-date symlink: /home/amr/turtlebot3_ws/install/turtlebot3_manipulation_gazebo/share/turtlebot3_manipulation_gazebo/meshes/open_manipulator_x/gripper_right_palm.stl
[0.613s] -- Up-to-date symlink: /home/amr/turtlebot3_ws/install/turtlebot3_manipulation_gazebo/share/turtlebot3_manipulation_gazebo/meshes/open_manipulator_x/link1.stl
[0.613s] -- Up-to-date symlink: /home/amr/turtlebot3_ws/install/turtlebot3_manipulation_gazebo/share/turtlebot3_manipulation_gazebo/meshes/open_manipulator_x/link2.stl
[0.613s] -- Up-to-date symlink: /home/amr/turtlebot3_ws/install/turtlebot3_manipulation_gazebo/share/turtlebot3_manipulation_gazebo/meshes/open_manipulator_x/link3.stl
[0.613s] -- Up-to-date symlink: /home/amr/turtlebot3_ws/install/turtlebot3_manipulation_gazebo/share/turtlebot3_manipulation_gazebo/meshes/open_manipulator_x/link4.stl
[0.613s] -- Up-to-date symlink: /home/amr/turtlebot3_ws/install/turtlebot3_manipulation_gazebo/share/turtlebot3_manipulation_gazebo/meshes/open_manipulator_x/link5.stl
[0.614s] -- Up-to-date symlink: /home/amr/turtlebot3_ws/install/turtlebot3_manipulation_gazebo/share/turtlebot3_manipulation_gazebo/meshes/turtlebot3_waffle_pi/base.stl
[0.614s] -- Up-to-date symlink: /home/amr/turtlebot3_ws/install/turtlebot3_manipulation_gazebo/share/turtlebot3_manipulation_gazebo/meshes/turtlebot3_waffle_pi/ladar.stl
[0.615s] -- Up-to-date symlink: /home/amr/turtlebot3_ws/install/turtlebot3_manipulation_gazebo/share/turtlebot3_manipulation_gazebo/meshes/turtlebot3_waffle_pi/left_tire.stl
[0.615s] -- Up-to-date symlink: /home/amr/turtlebot3_ws/install/turtlebot3_manipulation_gazebo/share/turtlebot3_manipulation_gazebo/meshes/turtlebot3_waffle_pi/right_tire.stl
[0.615s] -- Up-to-date symlink: /home/amr/turtlebot3_ws/install/turtlebot3_manipulation_gazebo/share/ament_index/resource_index/package_run_dependencies/turtlebot3_manipulation_gazebo
[0.615s] -- Up-to-date symlink: /home/amr/turtlebot3_ws/install/turtlebot3_manipulation_gazebo/share/ament_index/resource_index/parent_prefix_path/turtlebot3_manipulation_gazebo
[0.616s] -- Up-to-date symlink: /home/amr/turtlebot3_ws/install/turtlebot3_manipulation_gazebo/share/turtlebot3_manipulation_gazebo/environment/ament_prefix_path.sh
[0.616s] -- Up-to-date symlink: /home/amr/turtlebot3_ws/install/turtlebot3_manipulation_gazebo/share/turtlebot3_manipulation_gazebo/environment/ament_prefix_path.dsv
[0.616s] -- Up-to-date symlink: /home/amr/turtlebot3_ws/install/turtlebot3_manipulation_gazebo/share/turtlebot3_manipulation_gazebo/environment/path.sh
[0.617s] -- Up-to-date symlink: /home/amr/turtlebot3_ws/install/turtlebot3_manipulation_gazebo/share/turtlebot3_manipulation_gazebo/environment/path.dsv
[0.617s] -- Up-to-date symlink: /home/amr/turtlebot3_ws/install/turtlebot3_manipulation_gazebo/share/turtlebot3_manipulation_gazebo/local_setup.bash
[0.617s] -- Up-to-date symlink: /home/amr/turtlebot3_ws/install/turtlebot3_manipulation_gazebo/share/turtlebot3_manipulation_gazebo/local_setup.sh
[0.617s] -- Up-to-date symlink: /home/amr/turtlebot3_ws/install/turtlebot3_manipulation_gazebo/share/turtlebot3_manipulation_gazebo/local_setup.zsh
[0.617s] -- Up-to-date symlink: /home/amr/turtlebot3_ws/install/turtlebot3_manipulation_gazebo/share/turtlebot3_manipulation_gazebo/local_setup.dsv
[0.617s] -- Symlinking: /home/amr/turtlebot3_ws/install/turtlebot3_manipulation_gazebo/share/turtlebot3_manipulation_gazebo/package.dsv
[0.632s] -- Up-to-date symlink: /home/amr/turtlebot3_ws/install/turtlebot3_manipulation_gazebo/share/ament_index/resource_index/packages/turtlebot3_manipulation_gazebo
[0.635s] -- Up-to-date symlink: /home/amr/turtlebot3_ws/install/turtlebot3_manipulation_gazebo/share/turtlebot3_manipulation_gazebo/cmake/turtlebot3_manipulation_gazeboConfig.cmake
[0.635s] -- Up-to-date symlink: /home/amr/turtlebot3_ws/install/turtlebot3_manipulation_gazebo/share/turtlebot3_manipulation_gazebo/cmake/turtlebot3_manipulation_gazeboConfig-version.cmake
[0.635s] -- Up-to-date symlink: /home/amr/turtlebot3_ws/install/turtlebot3_manipulation_gazebo/share/turtlebot3_manipulation_gazebo/package.xml
[0.686s] Invoked command in '/home/amr/turtlebot3_ws/build/turtlebot3_manipulation_gazebo' returned '0': CMAKE_PREFIX_PATH=/home/amr/turtlebot3_ws/install/turtlebot3:/home/amr/turtlebot3_ws/install/turtlebot3_simulations:/home/amr/turtlebot3_ws/install/turtlebot3_bringup:/home/amr/turtlebot3_ws/install/turtlebot3_node:/home/amr/turtlebot3_ws/install/turtlebot3_navigation2:/home/amr/turtlebot3_ws/install/turtlebot3_fake_node:/home/amr/turtlebot3_ws/install/turtlebot3_msgs:/home/amr/turtlebot3_ws/install/turtlebot3_manipulation_gazebo:/home/amr/turtlebot3_ws/install/turtlebot3_gazebo:/home/amr/turtlebot3_ws/install/turtlebot3_description:/home/amr/turtlebot3_ws/install/turtlebot3_cartographer:/home/amr/turtlebot3_ws/install/turtlebot3_teleop:/home/amr/turtlebot3_ws/install/turtlebot3_example:/home/amr/turtlebot3_ws/install/main:/home/amr/turtlebot3_ws/src/main/install/main:/home/amr/install/turtlebot3_teleop:/home/amr/install/turtlebot3_example:/home/amr/install/main:/opt/ros/humble:/home/amr/turtlebot3_ws/install/rplidar_ros:/home/amr/turtlebot3_ws/install/dynamixel_sdk_examples:/home/amr/turtlebot3_ws/install/dynamixel_sdk_custom_interfaces:/home/amr/turtlebot3_ws/install/dynamixel_sdk:/home/amr/install/turtlebot3:/home/amr/install/turtlebot3_simulations:/home/amr/install/turtlebot3_bringup:/home/amr/install/turtlebot3_node:/home/amr/install/turtlebot3_navigation2:/home/amr/install/turtlebot3_fake_node:/home/amr/install/turtlebot3_msgs:/home/amr/install/turtlebot3_manipulation_gazebo:/home/amr/install/turtlebot3_gazebo:/home/amr/install/turtlebot3_description:/home/amr/install/turtlebot3_cartographer:/home/amr/install/dynamixel_sdk_examples:/home/amr/install/dynamixel_sdk_custom_interfaces:/home/amr/install/dynamixel_sdk /usr/bin/cmake --install /home/amr/turtlebot3_ws/build/turtlebot3_manipulation_gazebo
