[1.485s] Invoking command in '/home/amr/turtlebot3_ws/build/main': PYTHONPATH=/home/amr/turtlebot3_ws/build/main/prefix_override:/usr/lib/python3/dist-packages/colcon_core/task/python/colcon_distutils_commands:/home/amr/turtlebot3_ws/install/main/lib/python3.10/site-packages:${PYTHONPATH} /usr/bin/python3 -W ignore:setup.py install is deprecated -W ignore:easy_install command is deprecated setup.py develop --editable --build-directory /home/amr/turtlebot3_ws/build/main/build --no-deps symlink_data
[1.938s] running develop
[2.192s] running egg_info
[2.193s] writing main.egg-info/PKG-INFO
[2.193s] writing dependency_links to main.egg-info/dependency_links.txt
[2.193s] writing entry points to main.egg-info/entry_points.txt
[2.193s] writing requirements to main.egg-info/requires.txt
[2.193s] writing top-level names to main.egg-info/top_level.txt
[2.197s] reading manifest file 'main.egg-info/SOURCES.txt'
[2.198s] writing manifest file 'main.egg-info/SOURCES.txt'
[2.200s] running build_ext
[2.200s] Creating /home/amr/turtlebot3_ws/install/main/lib/python3.10/site-packages/main.egg-link (link to .)
[2.202s] Installing cmd_vel_publisher script to /home/amr/turtlebot3_ws/install/main/lib/main
[2.202s] Installing encoder_joint_state_publisher script to /home/amr/turtlebot3_ws/install/main/lib/main
[2.202s] Installing main script to /home/amr/turtlebot3_ws/install/main/lib/main
[2.202s] Installing odom_publisher script to /home/amr/turtlebot3_ws/install/main/lib/main
[2.203s] Installing odom_tf_broadcaster script to /home/amr/turtlebot3_ws/install/main/lib/main
[2.203s] 
[2.203s] Installed /home/amr/turtlebot3_ws/build/main
[2.203s] running symlink_data
[2.250s] Invoked command in '/home/amr/turtlebot3_ws/build/main' returned '0': PYTHONPATH=/home/amr/turtlebot3_ws/build/main/prefix_override:/usr/lib/python3/dist-packages/colcon_core/task/python/colcon_distutils_commands:/home/amr/turtlebot3_ws/install/main/lib/python3.10/site-packages:${PYTHONPATH} /usr/bin/python3 -W ignore:setup.py install is deprecated -W ignore:easy_install command is deprecated setup.py develop --editable --build-directory /home/amr/turtlebot3_ws/build/main/build --no-deps symlink_data
