[0.032s] Invoking command in '/home/amr/turtlebot3_ws/build/rplidar_ros': CMAKE_PREFIX_PATH=/home/amr/turtlebot3_ws/install/turtlebot3:/home/amr/turtlebot3_ws/install/turtlebot3_simulations:/home/amr/turtlebot3_ws/install/turtlebot3_bringup:/home/amr/turtlebot3_ws/install/turtlebot3_node:/home/amr/turtlebot3_ws/install/turtlebot3_navigation2:/home/amr/turtlebot3_ws/install/turtlebot3_fake_node:/home/amr/turtlebot3_ws/install/turtlebot3_msgs:/home/amr/turtlebot3_ws/install/turtlebot3_manipulation_gazebo:/home/amr/turtlebot3_ws/install/turtlebot3_gazebo:/home/amr/turtlebot3_ws/install/turtlebot3_description:/home/amr/turtlebot3_ws/install/turtlebot3_cartographer:/home/amr/turtlebot3_ws/install/turtlebot3_teleop:/home/amr/turtlebot3_ws/install/turtlebot3_example:/home/amr/turtlebot3_ws/install/main:/home/amr/turtlebot3_ws/src/main/install/main:/home/amr/install/turtlebot3_teleop:/home/amr/install/turtlebot3_example:/home/amr/install/main:/opt/ros/humble:/home/amr/turtlebot3_ws/install/rplidar_ros:/home/amr/turtlebot3_ws/install/dynamixel_sdk_examples:/home/amr/turtlebot3_ws/install/dynamixel_sdk_custom_interfaces:/home/amr/turtlebot3_ws/install/dynamixel_sdk:/home/amr/install/turtlebot3:/home/amr/install/turtlebot3_simulations:/home/amr/install/turtlebot3_bringup:/home/amr/install/turtlebot3_node:/home/amr/install/turtlebot3_navigation2:/home/amr/install/turtlebot3_fake_node:/home/amr/install/turtlebot3_msgs:/home/amr/install/turtlebot3_manipulation_gazebo:/home/amr/install/turtlebot3_gazebo:/home/amr/install/turtlebot3_description:/home/amr/install/turtlebot3_cartographer:/home/amr/install/dynamixel_sdk_examples:/home/amr/install/dynamixel_sdk_custom_interfaces:/home/amr/install/dynamixel_sdk /usr/bin/cmake --build /home/amr/turtlebot3_ws/build/rplidar_ros -- -j4 -l4
[0.142s] [ 77%] Built target rplidar_composition_node
[0.193s] [100%] Built target rplidar_composition
[0.214s] Invoked command in '/home/amr/turtlebot3_ws/build/rplidar_ros' returned '0': CMAKE_PREFIX_PATH=/home/amr/turtlebot3_ws/install/turtlebot3:/home/amr/turtlebot3_ws/install/turtlebot3_simulations:/home/amr/turtlebot3_ws/install/turtlebot3_bringup:/home/amr/turtlebot3_ws/install/turtlebot3_node:/home/amr/turtlebot3_ws/install/turtlebot3_navigation2:/home/amr/turtlebot3_ws/install/turtlebot3_fake_node:/home/amr/turtlebot3_ws/install/turtlebot3_msgs:/home/amr/turtlebot3_ws/install/turtlebot3_manipulation_gazebo:/home/amr/turtlebot3_ws/install/turtlebot3_gazebo:/home/amr/turtlebot3_ws/install/turtlebot3_description:/home/amr/turtlebot3_ws/install/turtlebot3_cartographer:/home/amr/turtlebot3_ws/install/turtlebot3_teleop:/home/amr/turtlebot3_ws/install/turtlebot3_example:/home/amr/turtlebot3_ws/install/main:/home/amr/turtlebot3_ws/src/main/install/main:/home/amr/install/turtlebot3_teleop:/home/amr/install/turtlebot3_example:/home/amr/install/main:/opt/ros/humble:/home/amr/turtlebot3_ws/install/rplidar_ros:/home/amr/turtlebot3_ws/install/dynamixel_sdk_examples:/home/amr/turtlebot3_ws/install/dynamixel_sdk_custom_interfaces:/home/amr/turtlebot3_ws/install/dynamixel_sdk:/home/amr/install/turtlebot3:/home/amr/install/turtlebot3_simulations:/home/amr/install/turtlebot3_bringup:/home/amr/install/turtlebot3_node:/home/amr/install/turtlebot3_navigation2:/home/amr/install/turtlebot3_fake_node:/home/amr/install/turtlebot3_msgs:/home/amr/install/turtlebot3_manipulation_gazebo:/home/amr/install/turtlebot3_gazebo:/home/amr/install/turtlebot3_description:/home/amr/install/turtlebot3_cartographer:/home/amr/install/dynamixel_sdk_examples:/home/amr/install/dynamixel_sdk_custom_interfaces:/home/amr/install/dynamixel_sdk /usr/bin/cmake --build /home/amr/turtlebot3_ws/build/rplidar_ros -- -j4 -l4
[0.216s] Invoking command in '/home/amr/turtlebot3_ws/build/rplidar_ros': CMAKE_PREFIX_PATH=/home/amr/turtlebot3_ws/install/turtlebot3:/home/amr/turtlebot3_ws/install/turtlebot3_simulations:/home/amr/turtlebot3_ws/install/turtlebot3_bringup:/home/amr/turtlebot3_ws/install/turtlebot3_node:/home/amr/turtlebot3_ws/install/turtlebot3_navigation2:/home/amr/turtlebot3_ws/install/turtlebot3_fake_node:/home/amr/turtlebot3_ws/install/turtlebot3_msgs:/home/amr/turtlebot3_ws/install/turtlebot3_manipulation_gazebo:/home/amr/turtlebot3_ws/install/turtlebot3_gazebo:/home/amr/turtlebot3_ws/install/turtlebot3_description:/home/amr/turtlebot3_ws/install/turtlebot3_cartographer:/home/amr/turtlebot3_ws/install/turtlebot3_teleop:/home/amr/turtlebot3_ws/install/turtlebot3_example:/home/amr/turtlebot3_ws/install/main:/home/amr/turtlebot3_ws/src/main/install/main:/home/amr/install/turtlebot3_teleop:/home/amr/install/turtlebot3_example:/home/amr/install/main:/opt/ros/humble:/home/amr/turtlebot3_ws/install/rplidar_ros:/home/amr/turtlebot3_ws/install/dynamixel_sdk_examples:/home/amr/turtlebot3_ws/install/dynamixel_sdk_custom_interfaces:/home/amr/turtlebot3_ws/install/dynamixel_sdk:/home/amr/install/turtlebot3:/home/amr/install/turtlebot3_simulations:/home/amr/install/turtlebot3_bringup:/home/amr/install/turtlebot3_node:/home/amr/install/turtlebot3_navigation2:/home/amr/install/turtlebot3_fake_node:/home/amr/install/turtlebot3_msgs:/home/amr/install/turtlebot3_manipulation_gazebo:/home/amr/install/turtlebot3_gazebo:/home/amr/install/turtlebot3_description:/home/amr/install/turtlebot3_cartographer:/home/amr/install/dynamixel_sdk_examples:/home/amr/install/dynamixel_sdk_custom_interfaces:/home/amr/install/dynamixel_sdk /usr/bin/cmake --install /home/amr/turtlebot3_ws/build/rplidar_ros
[0.234s] -- Install configuration: ""
[0.239s] -- Execute custom install script
[0.240s] -- Up-to-date symlink: /home/amr/turtlebot3_ws/install/rplidar_ros/lib/rplidar_ros/rplidar_composition
[0.242s] -- Up-to-date symlink: /home/amr/turtlebot3_ws/install/rplidar_ros/share/rplidar_ros/launch/rplidar.launch.py
[0.243s] -- Up-to-date symlink: /home/amr/turtlebot3_ws/install/rplidar_ros/share/rplidar_ros/launch/rplidar_a3.launch.py
[0.244s] -- Up-to-date symlink: /home/amr/turtlebot3_ws/install/rplidar_ros/share/rplidar_ros/launch/rplidar_s1.launch.py
[0.244s] -- Up-to-date symlink: /home/amr/turtlebot3_ws/install/rplidar_ros/share/rplidar_ros/launch/rplidar_s1_tcp.launch.py
[0.245s] -- Up-to-date symlink: /home/amr/turtlebot3_ws/install/rplidar_ros/share/rplidar_ros/launch/test_rplidar_a3.launch.py
[0.245s] -- Up-to-date symlink: /home/amr/turtlebot3_ws/install/rplidar_ros/share/rplidar_ros/launch/view_rplidar.launch.py
[0.245s] -- Up-to-date symlink: /home/amr/turtlebot3_ws/install/rplidar_ros/share/rplidar_ros/launch/view_rplidar_a3.launch.py
[0.246s] -- Up-to-date symlink: /home/amr/turtlebot3_ws/install/rplidar_ros/share/rplidar_ros/launch/view_rplidar_s1.launch.py
[0.247s] -- Up-to-date symlink: /home/amr/turtlebot3_ws/install/rplidar_ros/share/rplidar_ros/launch/view_rplidar_s1_tcp.launch.py
[0.247s] -- Up-to-date symlink: /home/amr/turtlebot3_ws/install/rplidar_ros/share/rplidar_ros/rviz/rplidar.rviz
[0.248s] -- Up-to-date symlink: /home/amr/turtlebot3_ws/install/rplidar_ros/lib/librplidar_composition_node.so
[0.248s] -- Up-to-date symlink: /home/amr/turtlebot3_ws/install/rplidar_ros/include/rplidar_node.hpp
[0.249s] -- Up-to-date symlink: /home/amr/turtlebot3_ws/install/rplidar_ros/include/visibility.h
[0.249s] -- Up-to-date symlink: /home/amr/turtlebot3_ws/install/rplidar_ros/lib/rplidar_ros/rplidar_composition
[0.250s] -- Up-to-date symlink: /home/amr/turtlebot3_ws/install/rplidar_ros/share/ament_index/resource_index/package_run_dependencies/rplidar_ros
[0.250s] -- Up-to-date symlink: /home/amr/turtlebot3_ws/install/rplidar_ros/share/ament_index/resource_index/parent_prefix_path/rplidar_ros
[0.250s] -- Up-to-date symlink: /home/amr/turtlebot3_ws/install/rplidar_ros/share/rplidar_ros/environment/ament_prefix_path.sh
[0.250s] -- Up-to-date symlink: /home/amr/turtlebot3_ws/install/rplidar_ros/share/rplidar_ros/environment/ament_prefix_path.dsv
[0.250s] -- Up-to-date symlink: /home/amr/turtlebot3_ws/install/rplidar_ros/share/rplidar_ros/environment/path.sh
[0.250s] -- Up-to-date symlink: /home/amr/turtlebot3_ws/install/rplidar_ros/share/rplidar_ros/environment/path.dsv
[0.250s] -- Up-to-date symlink: /home/amr/turtlebot3_ws/install/rplidar_ros/share/rplidar_ros/local_setup.bash
[0.250s] -- Up-to-date symlink: /home/amr/turtlebot3_ws/install/rplidar_ros/share/rplidar_ros/local_setup.sh
[0.251s] -- Up-to-date symlink: /home/amr/turtlebot3_ws/install/rplidar_ros/share/rplidar_ros/local_setup.zsh
[0.251s] -- Up-to-date symlink: /home/amr/turtlebot3_ws/install/rplidar_ros/share/rplidar_ros/local_setup.dsv
[0.251s] -- Symlinking: /home/amr/turtlebot3_ws/install/rplidar_ros/share/rplidar_ros/package.dsv
[0.267s] -- Up-to-date symlink: /home/amr/turtlebot3_ws/install/rplidar_ros/share/ament_index/resource_index/packages/rplidar_ros
[0.271s] -- Up-to-date symlink: /home/amr/turtlebot3_ws/install/rplidar_ros/share/ament_index/resource_index/rclcpp_components/rplidar_ros
[0.271s] -- Up-to-date symlink: /home/amr/turtlebot3_ws/install/rplidar_ros/share/rplidar_ros/cmake/ament_cmake_export_dependencies-extras.cmake
[0.273s] -- Up-to-date symlink: /home/amr/turtlebot3_ws/install/rplidar_ros/share/rplidar_ros/cmake/ament_cmake_export_include_directories-extras.cmake
[0.273s] -- Up-to-date symlink: /home/amr/turtlebot3_ws/install/rplidar_ros/share/rplidar_ros/cmake/rplidar_rosConfig.cmake
[0.273s] -- Up-to-date symlink: /home/amr/turtlebot3_ws/install/rplidar_ros/share/rplidar_ros/cmake/rplidar_rosConfig-version.cmake
[0.273s] -- Up-to-date symlink: /home/amr/turtlebot3_ws/install/rplidar_ros/share/rplidar_ros/package.xml
[0.273s] Invoked command in '/home/amr/turtlebot3_ws/build/rplidar_ros' returned '0': CMAKE_PREFIX_PATH=/home/amr/turtlebot3_ws/install/turtlebot3:/home/amr/turtlebot3_ws/install/turtlebot3_simulations:/home/amr/turtlebot3_ws/install/turtlebot3_bringup:/home/amr/turtlebot3_ws/install/turtlebot3_node:/home/amr/turtlebot3_ws/install/turtlebot3_navigation2:/home/amr/turtlebot3_ws/install/turtlebot3_fake_node:/home/amr/turtlebot3_ws/install/turtlebot3_msgs:/home/amr/turtlebot3_ws/install/turtlebot3_manipulation_gazebo:/home/amr/turtlebot3_ws/install/turtlebot3_gazebo:/home/amr/turtlebot3_ws/install/turtlebot3_description:/home/amr/turtlebot3_ws/install/turtlebot3_cartographer:/home/amr/turtlebot3_ws/install/turtlebot3_teleop:/home/amr/turtlebot3_ws/install/turtlebot3_example:/home/amr/turtlebot3_ws/install/main:/home/amr/turtlebot3_ws/src/main/install/main:/home/amr/install/turtlebot3_teleop:/home/amr/install/turtlebot3_example:/home/amr/install/main:/opt/ros/humble:/home/amr/turtlebot3_ws/install/rplidar_ros:/home/amr/turtlebot3_ws/install/dynamixel_sdk_examples:/home/amr/turtlebot3_ws/install/dynamixel_sdk_custom_interfaces:/home/amr/turtlebot3_ws/install/dynamixel_sdk:/home/amr/install/turtlebot3:/home/amr/install/turtlebot3_simulations:/home/amr/install/turtlebot3_bringup:/home/amr/install/turtlebot3_node:/home/amr/install/turtlebot3_navigation2:/home/amr/install/turtlebot3_fake_node:/home/amr/install/turtlebot3_msgs:/home/amr/install/turtlebot3_manipulation_gazebo:/home/amr/install/turtlebot3_gazebo:/home/amr/install/turtlebot3_description:/home/amr/install/turtlebot3_cartographer:/home/amr/install/dynamixel_sdk_examples:/home/amr/install/dynamixel_sdk_custom_interfaces:/home/amr/install/dynamixel_sdk /usr/bin/cmake --install /home/amr/turtlebot3_ws/build/rplidar_ros
