[0.030s] Invoking command in '/home/amr/turtlebot3_ws/build/rplidar_ros': /usr/bin/cmake /home/amr/turtlebot3_ws/src/rplidar_ros -DCATKIN_INSTALL_INTO_PREFIX_ROOT=0 -DCATKIN_SYMLINK_INSTALL=ON -DCMAKE_INSTALL_PREFIX=/home/amr/turtlebot3_ws/install/rplidar_ros
[0.057s] [0mCMake Deprecation Warning at CMakeLists.txt:1 (cmake_minimum_required):
[0.057s]   Compatibility with CMake < 2.8.12 will be removed from a future version of
[0.057s]   CMake.
[0.057s] 
[0.057s]   Update the VERSION argument <min> value or use a ...<max> suffix to tell
[0.058s]   CMake that the project does not need compatibility with older versions.
[0.058s] 
[0.058s] [0m
[0.107s] [31mCMake Error at CMakeLists.txt:16 (find_package):
[0.107s]   By not providing "Findcatkin.cmake" in CMAKE_MODULE_PATH this project has
[0.108s]   asked CMake to find a package configuration file provided by "catkin", but
[0.110s]   CMake did not find one.
[0.111s] 
[0.111s]   Could not find a package configuration file provided by "catkin" with any
[0.111s]   of the following names:
[0.111s] 
[0.111s]     catkinConfig.cmake
[0.111s]     catkin-config.cmake
[0.111s] 
[0.112s]   Add the installation prefix of "catkin" to CMAKE_PREFIX_PATH or set
[0.112s]   "catkin_DIR" to a directory containing one of the above files.  If "catkin"
[0.112s]   provides a separate development package or SDK, be sure it has been
[0.115s]   installed.
[0.115s] 
[0.115s] [0m
[0.115s] -- Configuring incomplete, errors occurred!
[0.115s] See also "/home/amr/turtlebot3_ws/build/rplidar_ros/CMakeFiles/CMakeOutput.log".
[0.118s] Invoked command in '/home/amr/turtlebot3_ws/build/rplidar_ros' returned '1': /usr/bin/cmake /home/amr/turtlebot3_ws/src/rplidar_ros -DCATKIN_INSTALL_INTO_PREFIX_ROOT=0 -DCATKIN_SYMLINK_INSTALL=ON -DCMAKE_INSTALL_PREFIX=/home/amr/turtlebot3_ws/install/rplidar_ros
