[0.036s] Invoking command in '/home/amr/turtlebot3_ws/build/dynamixel_sdk': CMAKE_PREFIX_PATH=${CMAKE_PREFIX_PATH}:/home/amr/turtlebot3_ws/install/turtlebot3_teleop:/home/amr/turtlebot3_ws/install/turtlebot3_example:/home/amr/turtlebot3_ws/src/main/install/main:/opt/ros/humble /usr/bin/cmake --build /home/amr/turtlebot3_ws/build/dynamixel_sdk -- -j4 -l4
[0.169s] [100%] Built target dynamixel_sdk
[0.202s] [100%] Built target ament_cmake_python_symlink_dynamixel_sdk
[1.011s] running egg_info
[1.013s] writing dynamixel_sdk.egg-info/PKG-INFO
[1.016s] writing dependency_links to dynamixel_sdk.egg-info/dependency_links.txt
[1.017s] writing top-level names to dynamixel_sdk.egg-info/top_level.txt
[1.035s] reading manifest file 'dynamixel_sdk.egg-info/SOURCES.txt'
[1.035s] writing manifest file 'dynamixel_sdk.egg-info/SOURCES.txt'
[1.106s] [100%] Built target ament_cmake_python_build_dynamixel_sdk_egg
[1.133s] Invoked command in '/home/amr/turtlebot3_ws/build/dynamixel_sdk' returned '0': CMAKE_PREFIX_PATH=${CMAKE_PREFIX_PATH}:/home/amr/turtlebot3_ws/install/turtlebot3_teleop:/home/amr/turtlebot3_ws/install/turtlebot3_example:/home/amr/turtlebot3_ws/src/main/install/main:/opt/ros/humble /usr/bin/cmake --build /home/amr/turtlebot3_ws/build/dynamixel_sdk -- -j4 -l4
[1.141s] Invoking command in '/home/amr/turtlebot3_ws/build/dynamixel_sdk': CMAKE_PREFIX_PATH=${CMAKE_PREFIX_PATH}:/home/amr/turtlebot3_ws/install/turtlebot3_teleop:/home/amr/turtlebot3_ws/install/turtlebot3_example:/home/amr/turtlebot3_ws/src/main/install/main:/opt/ros/humble /usr/bin/cmake --install /home/amr/turtlebot3_ws/build/dynamixel_sdk
[1.152s] -- Install configuration: ""
[1.154s] -- Execute custom install script
[1.155s] -- Up-to-date symlink: /home/amr/turtlebot3_ws/install/dynamixel_sdk/include//dynamixel_sdk/dynamixel_sdk.h
[1.156s] -- Up-to-date symlink: /home/amr/turtlebot3_ws/install/dynamixel_sdk/include//dynamixel_sdk/group_bulk_read.h
[1.156s] -- Up-to-date symlink: /home/amr/turtlebot3_ws/install/dynamixel_sdk/include//dynamixel_sdk/group_bulk_write.h
[1.158s] -- Up-to-date symlink: /home/amr/turtlebot3_ws/install/dynamixel_sdk/include//dynamixel_sdk/group_fast_bulk_read.h
[1.158s] -- Up-to-date symlink: /home/amr/turtlebot3_ws/install/dynamixel_sdk/include//dynamixel_sdk/group_fast_sync_read.h
[1.159s] -- Up-to-date symlink: /home/amr/turtlebot3_ws/install/dynamixel_sdk/include//dynamixel_sdk/group_handler.h
[1.160s] -- Up-to-date symlink: /home/amr/turtlebot3_ws/install/dynamixel_sdk/include//dynamixel_sdk/group_sync_read.h
[1.160s] -- Up-to-date symlink: /home/amr/turtlebot3_ws/install/dynamixel_sdk/include//dynamixel_sdk/group_sync_write.h
[1.161s] -- Up-to-date symlink: /home/amr/turtlebot3_ws/install/dynamixel_sdk/include//dynamixel_sdk/packet_handler.h
[1.162s] -- Up-to-date symlink: /home/amr/turtlebot3_ws/install/dynamixel_sdk/include//dynamixel_sdk/port_handler.h
[1.162s] -- Up-to-date symlink: /home/amr/turtlebot3_ws/install/dynamixel_sdk/include//dynamixel_sdk/port_handler_arduino.h
[1.163s] -- Up-to-date symlink: /home/amr/turtlebot3_ws/install/dynamixel_sdk/include//dynamixel_sdk/port_handler_linux.h
[1.163s] -- Up-to-date symlink: /home/amr/turtlebot3_ws/install/dynamixel_sdk/include//dynamixel_sdk/port_handler_mac.h
[1.166s] -- Up-to-date symlink: /home/amr/turtlebot3_ws/install/dynamixel_sdk/include//dynamixel_sdk/port_handler_windows.h
[1.167s] -- Up-to-date symlink: /home/amr/turtlebot3_ws/install/dynamixel_sdk/include//dynamixel_sdk/protocol1_packet_handler.h
[1.167s] -- Up-to-date symlink: /home/amr/turtlebot3_ws/install/dynamixel_sdk/include//dynamixel_sdk/protocol2_packet_handler.h
[1.168s] -- Up-to-date symlink: /home/amr/turtlebot3_ws/install/dynamixel_sdk/share/dynamixel_sdk/environment/pythonpath.sh
[1.170s] -- Up-to-date symlink: /home/amr/turtlebot3_ws/install/dynamixel_sdk/share/dynamixel_sdk/environment/pythonpath.dsv
[1.178s] -- Up-to-date symlink: /home/amr/turtlebot3_ws/install/dynamixel_sdk/local/lib/python3.10/dist-packages/dynamixel_sdk-3.8.4-py3.10.egg-info/PKG-INFO
[1.180s] -- Up-to-date symlink: /home/amr/turtlebot3_ws/install/dynamixel_sdk/local/lib/python3.10/dist-packages/dynamixel_sdk-3.8.4-py3.10.egg-info/SOURCES.txt
[1.181s] -- Up-to-date symlink: /home/amr/turtlebot3_ws/install/dynamixel_sdk/local/lib/python3.10/dist-packages/dynamixel_sdk-3.8.4-py3.10.egg-info/dependency_links.txt
[1.181s] -- Up-to-date symlink: /home/amr/turtlebot3_ws/install/dynamixel_sdk/local/lib/python3.10/dist-packages/dynamixel_sdk-3.8.4-py3.10.egg-info/top_level.txt
[1.183s] -- Up-to-date symlink: /home/amr/turtlebot3_ws/install/dynamixel_sdk/local/lib/python3.10/dist-packages/dynamixel_sdk/__init__.py
[1.183s] -- Up-to-date symlink: /home/amr/turtlebot3_ws/install/dynamixel_sdk/local/lib/python3.10/dist-packages/dynamixel_sdk/group_bulk_read.cpp
[1.184s] -- Up-to-date symlink: /home/amr/turtlebot3_ws/install/dynamixel_sdk/local/lib/python3.10/dist-packages/dynamixel_sdk/group_bulk_read.py
[1.187s] -- Up-to-date symlink: /home/amr/turtlebot3_ws/install/dynamixel_sdk/local/lib/python3.10/dist-packages/dynamixel_sdk/group_bulk_write.cpp
[1.187s] -- Up-to-date symlink: /home/amr/turtlebot3_ws/install/dynamixel_sdk/local/lib/python3.10/dist-packages/dynamixel_sdk/group_bulk_write.py
[1.187s] -- Up-to-date symlink: /home/amr/turtlebot3_ws/install/dynamixel_sdk/local/lib/python3.10/dist-packages/dynamixel_sdk/group_fast_bulk_read.cpp
[1.187s] -- Up-to-date symlink: /home/amr/turtlebot3_ws/install/dynamixel_sdk/local/lib/python3.10/dist-packages/dynamixel_sdk/group_fast_sync_read.cpp
[1.188s] -- Up-to-date symlink: /home/amr/turtlebot3_ws/install/dynamixel_sdk/local/lib/python3.10/dist-packages/dynamixel_sdk/group_handler.cpp
[1.188s] -- Up-to-date symlink: /home/amr/turtlebot3_ws/install/dynamixel_sdk/local/lib/python3.10/dist-packages/dynamixel_sdk/group_sync_read.cpp
[1.188s] -- Up-to-date symlink: /home/amr/turtlebot3_ws/install/dynamixel_sdk/local/lib/python3.10/dist-packages/dynamixel_sdk/group_sync_read.py
[1.188s] -- Up-to-date symlink: /home/amr/turtlebot3_ws/install/dynamixel_sdk/local/lib/python3.10/dist-packages/dynamixel_sdk/group_sync_write.cpp
[1.189s] -- Up-to-date symlink: /home/amr/turtlebot3_ws/install/dynamixel_sdk/local/lib/python3.10/dist-packages/dynamixel_sdk/group_sync_write.py
[1.189s] -- Up-to-date symlink: /home/amr/turtlebot3_ws/install/dynamixel_sdk/local/lib/python3.10/dist-packages/dynamixel_sdk/packet_handler.cpp
[1.189s] -- Up-to-date symlink: /home/amr/turtlebot3_ws/install/dynamixel_sdk/local/lib/python3.10/dist-packages/dynamixel_sdk/packet_handler.py
[1.189s] -- Up-to-date symlink: /home/amr/turtlebot3_ws/install/dynamixel_sdk/local/lib/python3.10/dist-packages/dynamixel_sdk/port_handler.cpp
[1.189s] -- Up-to-date symlink: /home/amr/turtlebot3_ws/install/dynamixel_sdk/local/lib/python3.10/dist-packages/dynamixel_sdk/port_handler.py
[1.190s] -- Up-to-date symlink: /home/amr/turtlebot3_ws/install/dynamixel_sdk/local/lib/python3.10/dist-packages/dynamixel_sdk/port_handler_arduino.cpp
[1.190s] -- Up-to-date symlink: /home/amr/turtlebot3_ws/install/dynamixel_sdk/local/lib/python3.10/dist-packages/dynamixel_sdk/port_handler_linux.cpp
[1.190s] -- Up-to-date symlink: /home/amr/turtlebot3_ws/install/dynamixel_sdk/local/lib/python3.10/dist-packages/dynamixel_sdk/port_handler_mac.cpp
[1.190s] -- Up-to-date symlink: /home/amr/turtlebot3_ws/install/dynamixel_sdk/local/lib/python3.10/dist-packages/dynamixel_sdk/port_handler_windows.cpp
[1.190s] -- Up-to-date symlink: /home/amr/turtlebot3_ws/install/dynamixel_sdk/local/lib/python3.10/dist-packages/dynamixel_sdk/protocol1_packet_handler.cpp
[1.191s] -- Up-to-date symlink: /home/amr/turtlebot3_ws/install/dynamixel_sdk/local/lib/python3.10/dist-packages/dynamixel_sdk/protocol1_packet_handler.py
[1.192s] -- Up-to-date symlink: /home/amr/turtlebot3_ws/install/dynamixel_sdk/local/lib/python3.10/dist-packages/dynamixel_sdk/protocol2_packet_handler.cpp
[1.192s] -- Up-to-date symlink: /home/amr/turtlebot3_ws/install/dynamixel_sdk/local/lib/python3.10/dist-packages/dynamixel_sdk/protocol2_packet_handler.py
[1.192s] -- Up-to-date symlink: /home/amr/turtlebot3_ws/install/dynamixel_sdk/local/lib/python3.10/dist-packages/dynamixel_sdk/robotis_def.py
[1.192s] -- Up-to-date symlink: /home/amr/turtlebot3_ws/install/dynamixel_sdk/share/dynamixel_sdk/environment/library_path.sh
[1.194s] -- Up-to-date symlink: /home/amr/turtlebot3_ws/install/dynamixel_sdk/share/dynamixel_sdk/environment/library_path.dsv
[1.195s] -- Up-to-date symlink: /home/amr/turtlebot3_ws/install/dynamixel_sdk/share/ament_index/resource_index/package_run_dependencies/dynamixel_sdk
[1.196s] -- Up-to-date symlink: /home/amr/turtlebot3_ws/install/dynamixel_sdk/share/ament_index/resource_index/parent_prefix_path/dynamixel_sdk
[1.196s] -- Up-to-date symlink: /home/amr/turtlebot3_ws/install/dynamixel_sdk/share/dynamixel_sdk/environment/ament_prefix_path.sh
[1.197s] -- Up-to-date symlink: /home/amr/turtlebot3_ws/install/dynamixel_sdk/share/dynamixel_sdk/environment/ament_prefix_path.dsv
[1.200s] -- Up-to-date symlink: /home/amr/turtlebot3_ws/install/dynamixel_sdk/share/dynamixel_sdk/environment/path.sh
[1.200s] -- Up-to-date symlink: /home/amr/turtlebot3_ws/install/dynamixel_sdk/share/dynamixel_sdk/environment/path.dsv
[1.201s] -- Up-to-date symlink: /home/amr/turtlebot3_ws/install/dynamixel_sdk/share/dynamixel_sdk/local_setup.bash
[1.203s] -- Up-to-date symlink: /home/amr/turtlebot3_ws/install/dynamixel_sdk/share/dynamixel_sdk/local_setup.sh
[1.203s] -- Up-to-date symlink: /home/amr/turtlebot3_ws/install/dynamixel_sdk/share/dynamixel_sdk/local_setup.zsh
[1.204s] -- Up-to-date symlink: /home/amr/turtlebot3_ws/install/dynamixel_sdk/share/dynamixel_sdk/local_setup.dsv
[1.205s] -- Symlinking: /home/amr/turtlebot3_ws/install/dynamixel_sdk/share/dynamixel_sdk/package.dsv
[1.225s] -- Up-to-date symlink: /home/amr/turtlebot3_ws/install/dynamixel_sdk/share/ament_index/resource_index/packages/dynamixel_sdk
[1.225s] -- Up-to-date symlink: /home/amr/turtlebot3_ws/install/dynamixel_sdk/share/dynamixel_sdk/cmake/ament_cmake_export_targets-extras.cmake
[1.225s] -- Up-to-date symlink: /home/amr/turtlebot3_ws/install/dynamixel_sdk/share/dynamixel_sdk/cmake/ament_cmake_export_include_directories-extras.cmake
[1.225s] -- Up-to-date symlink: /home/amr/turtlebot3_ws/install/dynamixel_sdk/share/dynamixel_sdk/cmake/ament_cmake_export_libraries-extras.cmake
[1.226s] -- Up-to-date symlink: /home/amr/turtlebot3_ws/install/dynamixel_sdk/share/dynamixel_sdk/cmake/dynamixel_sdkConfig.cmake
[1.226s] -- Up-to-date symlink: /home/amr/turtlebot3_ws/install/dynamixel_sdk/share/dynamixel_sdk/cmake/dynamixel_sdkConfig-version.cmake
[1.226s] -- Up-to-date symlink: /home/amr/turtlebot3_ws/install/dynamixel_sdk/share/dynamixel_sdk/package.xml
[1.228s] -- Up-to-date: /home/amr/turtlebot3_ws/install/dynamixel_sdk/lib/libdynamixel_sdk.so
[1.314s] Listing '/home/amr/turtlebot3_ws/install/dynamixel_sdk/local/lib/python3.10/dist-packages/dynamixel_sdk'...
[1.326s] -- Up-to-date: /home/amr/turtlebot3_ws/install/dynamixel_sdk/share/dynamixel_sdk/cmake/dynamixel_sdkExport.cmake
[1.326s] -- Up-to-date: /home/amr/turtlebot3_ws/install/dynamixel_sdk/share/dynamixel_sdk/cmake/dynamixel_sdkExport-noconfig.cmake
[1.327s] Invoked command in '/home/amr/turtlebot3_ws/build/dynamixel_sdk' returned '0': CMAKE_PREFIX_PATH=${CMAKE_PREFIX_PATH}:/home/amr/turtlebot3_ws/install/turtlebot3_teleop:/home/amr/turtlebot3_ws/install/turtlebot3_example:/home/amr/turtlebot3_ws/src/main/install/main:/opt/ros/humble /usr/bin/cmake --install /home/amr/turtlebot3_ws/build/dynamixel_sdk
