[0.038s] Invoking command in '/home/amr/turtlebot3_ws/build/dynamixel_sdk': CMAKE_PREFIX_PATH=/home/amr/turtlebot3_ws/install/turtlebot3_teleop:/home/amr/turtlebot3_ws/install/turtlebot3_example:/home/amr/turtlebot3_ws/src/main/install/main:/opt/ros/humble:${CMAKE_PREFIX_PATH} /usr/bin/cmake --build /home/amr/turtlebot3_ws/build/dynamixel_sdk -- -j4 -l4
[0.168s] [100%] Built target dynamixel_sdk
[0.193s] [100%] Built target ament_cmake_python_symlink_dynamixel_sdk
[0.943s] running egg_info
[0.944s] writing dynamixel_sdk.egg-info/PKG-INFO
[0.944s] writing dependency_links to dynamixel_sdk.egg-info/dependency_links.txt
[0.947s] writing top-level names to dynamixel_sdk.egg-info/top_level.txt
[0.950s] reading manifest file 'dynamixel_sdk.egg-info/SOURCES.txt'
[0.951s] writing manifest file 'dynamixel_sdk.egg-info/SOURCES.txt'
[1.032s] [100%] Built target ament_cmake_python_build_dynamixel_sdk_egg
[1.061s] Invoked command in '/home/amr/turtlebot3_ws/build/dynamixel_sdk' returned '0': CMAKE_PREFIX_PATH=/home/amr/turtlebot3_ws/install/turtlebot3_teleop:/home/amr/turtlebot3_ws/install/turtlebot3_example:/home/amr/turtlebot3_ws/src/main/install/main:/opt/ros/humble:${CMAKE_PREFIX_PATH} /usr/bin/cmake --build /home/amr/turtlebot3_ws/build/dynamixel_sdk -- -j4 -l4
[1.063s] Invoking command in '/home/amr/turtlebot3_ws/build/dynamixel_sdk': CMAKE_PREFIX_PATH=/home/amr/turtlebot3_ws/install/turtlebot3_teleop:/home/amr/turtlebot3_ws/install/turtlebot3_example:/home/amr/turtlebot3_ws/src/main/install/main:/opt/ros/humble:${CMAKE_PREFIX_PATH} /usr/bin/cmake --install /home/amr/turtlebot3_ws/build/dynamixel_sdk
[1.082s] -- Install configuration: ""
[1.083s] -- Execute custom install script
[1.085s] -- Up-to-date symlink: /home/amr/turtlebot3_ws/install/dynamixel_sdk/include//dynamixel_sdk/dynamixel_sdk.h
[1.086s] -- Up-to-date symlink: /home/amr/turtlebot3_ws/install/dynamixel_sdk/include//dynamixel_sdk/group_bulk_read.h
[1.086s] -- Up-to-date symlink: /home/amr/turtlebot3_ws/install/dynamixel_sdk/include//dynamixel_sdk/group_bulk_write.h
[1.087s] -- Up-to-date symlink: /home/amr/turtlebot3_ws/install/dynamixel_sdk/include//dynamixel_sdk/group_fast_bulk_read.h
[1.088s] -- Up-to-date symlink: /home/amr/turtlebot3_ws/install/dynamixel_sdk/include//dynamixel_sdk/group_fast_sync_read.h
[1.089s] -- Up-to-date symlink: /home/amr/turtlebot3_ws/install/dynamixel_sdk/include//dynamixel_sdk/group_handler.h
[1.090s] -- Up-to-date symlink: /home/amr/turtlebot3_ws/install/dynamixel_sdk/include//dynamixel_sdk/group_sync_read.h
[1.090s] -- Up-to-date symlink: /home/amr/turtlebot3_ws/install/dynamixel_sdk/include//dynamixel_sdk/group_sync_write.h
[1.091s] -- Up-to-date symlink: /home/amr/turtlebot3_ws/install/dynamixel_sdk/include//dynamixel_sdk/packet_handler.h
[1.092s] -- Up-to-date symlink: /home/amr/turtlebot3_ws/install/dynamixel_sdk/include//dynamixel_sdk/port_handler.h
[1.092s] -- Up-to-date symlink: /home/amr/turtlebot3_ws/install/dynamixel_sdk/include//dynamixel_sdk/port_handler_arduino.h
[1.093s] -- Up-to-date symlink: /home/amr/turtlebot3_ws/install/dynamixel_sdk/include//dynamixel_sdk/port_handler_linux.h
[1.094s] -- Up-to-date symlink: /home/amr/turtlebot3_ws/install/dynamixel_sdk/include//dynamixel_sdk/port_handler_mac.h
[1.094s] -- Up-to-date symlink: /home/amr/turtlebot3_ws/install/dynamixel_sdk/include//dynamixel_sdk/port_handler_windows.h
[1.095s] -- Up-to-date symlink: /home/amr/turtlebot3_ws/install/dynamixel_sdk/include//dynamixel_sdk/protocol1_packet_handler.h
[1.095s] -- Up-to-date symlink: /home/amr/turtlebot3_ws/install/dynamixel_sdk/include//dynamixel_sdk/protocol2_packet_handler.h
[1.097s] -- Up-to-date symlink: /home/amr/turtlebot3_ws/install/dynamixel_sdk/share/dynamixel_sdk/environment/pythonpath.sh
[1.098s] -- Up-to-date symlink: /home/amr/turtlebot3_ws/install/dynamixel_sdk/share/dynamixel_sdk/environment/pythonpath.dsv
[1.098s] -- Up-to-date symlink: /home/amr/turtlebot3_ws/install/dynamixel_sdk/local/lib/python3.10/dist-packages/dynamixel_sdk-3.8.4-py3.10.egg-info/PKG-INFO
[1.099s] -- Up-to-date symlink: /home/amr/turtlebot3_ws/install/dynamixel_sdk/local/lib/python3.10/dist-packages/dynamixel_sdk-3.8.4-py3.10.egg-info/SOURCES.txt
[1.101s] -- Up-to-date symlink: /home/amr/turtlebot3_ws/install/dynamixel_sdk/local/lib/python3.10/dist-packages/dynamixel_sdk-3.8.4-py3.10.egg-info/dependency_links.txt
[1.101s] -- Up-to-date symlink: /home/amr/turtlebot3_ws/install/dynamixel_sdk/local/lib/python3.10/dist-packages/dynamixel_sdk-3.8.4-py3.10.egg-info/top_level.txt
[1.104s] -- Up-to-date symlink: /home/amr/turtlebot3_ws/install/dynamixel_sdk/local/lib/python3.10/dist-packages/dynamixel_sdk/__init__.py
[1.105s] -- Up-to-date symlink: /home/amr/turtlebot3_ws/install/dynamixel_sdk/local/lib/python3.10/dist-packages/dynamixel_sdk/group_bulk_read.cpp
[1.106s] -- Up-to-date symlink: /home/amr/turtlebot3_ws/install/dynamixel_sdk/local/lib/python3.10/dist-packages/dynamixel_sdk/group_bulk_read.py
[1.106s] -- Up-to-date symlink: /home/amr/turtlebot3_ws/install/dynamixel_sdk/local/lib/python3.10/dist-packages/dynamixel_sdk/group_bulk_write.cpp
[1.107s] -- Up-to-date symlink: /home/amr/turtlebot3_ws/install/dynamixel_sdk/local/lib/python3.10/dist-packages/dynamixel_sdk/group_bulk_write.py
[1.108s] -- Up-to-date symlink: /home/amr/turtlebot3_ws/install/dynamixel_sdk/local/lib/python3.10/dist-packages/dynamixel_sdk/group_fast_bulk_read.cpp
[1.109s] -- Up-to-date symlink: /home/amr/turtlebot3_ws/install/dynamixel_sdk/local/lib/python3.10/dist-packages/dynamixel_sdk/group_fast_sync_read.cpp
[1.110s] -- Up-to-date symlink: /home/amr/turtlebot3_ws/install/dynamixel_sdk/local/lib/python3.10/dist-packages/dynamixel_sdk/group_handler.cpp
[1.110s] -- Up-to-date symlink: /home/amr/turtlebot3_ws/install/dynamixel_sdk/local/lib/python3.10/dist-packages/dynamixel_sdk/group_sync_read.cpp
[1.111s] -- Up-to-date symlink: /home/amr/turtlebot3_ws/install/dynamixel_sdk/local/lib/python3.10/dist-packages/dynamixel_sdk/group_sync_read.py
[1.112s] -- Up-to-date symlink: /home/amr/turtlebot3_ws/install/dynamixel_sdk/local/lib/python3.10/dist-packages/dynamixel_sdk/group_sync_write.cpp
[1.113s] -- Up-to-date symlink: /home/amr/turtlebot3_ws/install/dynamixel_sdk/local/lib/python3.10/dist-packages/dynamixel_sdk/group_sync_write.py
[1.114s] -- Up-to-date symlink: /home/amr/turtlebot3_ws/install/dynamixel_sdk/local/lib/python3.10/dist-packages/dynamixel_sdk/packet_handler.cpp
[1.115s] -- Up-to-date symlink: /home/amr/turtlebot3_ws/install/dynamixel_sdk/local/lib/python3.10/dist-packages/dynamixel_sdk/packet_handler.py
[1.115s] -- Up-to-date symlink: /home/amr/turtlebot3_ws/install/dynamixel_sdk/local/lib/python3.10/dist-packages/dynamixel_sdk/port_handler.cpp
[1.116s] -- Up-to-date symlink: /home/amr/turtlebot3_ws/install/dynamixel_sdk/local/lib/python3.10/dist-packages/dynamixel_sdk/port_handler.py
[1.118s] -- Up-to-date symlink: /home/amr/turtlebot3_ws/install/dynamixel_sdk/local/lib/python3.10/dist-packages/dynamixel_sdk/port_handler_arduino.cpp
[1.119s] -- Up-to-date symlink: /home/amr/turtlebot3_ws/install/dynamixel_sdk/local/lib/python3.10/dist-packages/dynamixel_sdk/port_handler_linux.cpp
[1.120s] -- Up-to-date symlink: /home/amr/turtlebot3_ws/install/dynamixel_sdk/local/lib/python3.10/dist-packages/dynamixel_sdk/port_handler_mac.cpp
[1.121s] -- Up-to-date symlink: /home/amr/turtlebot3_ws/install/dynamixel_sdk/local/lib/python3.10/dist-packages/dynamixel_sdk/port_handler_windows.cpp
[1.121s] -- Up-to-date symlink: /home/amr/turtlebot3_ws/install/dynamixel_sdk/local/lib/python3.10/dist-packages/dynamixel_sdk/protocol1_packet_handler.cpp
[1.121s] -- Up-to-date symlink: /home/amr/turtlebot3_ws/install/dynamixel_sdk/local/lib/python3.10/dist-packages/dynamixel_sdk/protocol1_packet_handler.py
[1.121s] -- Up-to-date symlink: /home/amr/turtlebot3_ws/install/dynamixel_sdk/local/lib/python3.10/dist-packages/dynamixel_sdk/protocol2_packet_handler.cpp
[1.121s] -- Up-to-date symlink: /home/amr/turtlebot3_ws/install/dynamixel_sdk/local/lib/python3.10/dist-packages/dynamixel_sdk/protocol2_packet_handler.py
[1.121s] -- Up-to-date symlink: /home/amr/turtlebot3_ws/install/dynamixel_sdk/local/lib/python3.10/dist-packages/dynamixel_sdk/robotis_def.py
[1.122s] -- Up-to-date symlink: /home/amr/turtlebot3_ws/install/dynamixel_sdk/share/dynamixel_sdk/environment/library_path.sh
[1.124s] -- Up-to-date symlink: /home/amr/turtlebot3_ws/install/dynamixel_sdk/share/dynamixel_sdk/environment/library_path.dsv
[1.126s] -- Up-to-date symlink: /home/amr/turtlebot3_ws/install/dynamixel_sdk/share/ament_index/resource_index/package_run_dependencies/dynamixel_sdk
[1.127s] -- Up-to-date symlink: /home/amr/turtlebot3_ws/install/dynamixel_sdk/share/ament_index/resource_index/parent_prefix_path/dynamixel_sdk
[1.128s] -- Up-to-date symlink: /home/amr/turtlebot3_ws/install/dynamixel_sdk/share/dynamixel_sdk/environment/ament_prefix_path.sh
[1.128s] -- Up-to-date symlink: /home/amr/turtlebot3_ws/install/dynamixel_sdk/share/dynamixel_sdk/environment/ament_prefix_path.dsv
[1.128s] -- Up-to-date symlink: /home/amr/turtlebot3_ws/install/dynamixel_sdk/share/dynamixel_sdk/environment/path.sh
[1.128s] -- Up-to-date symlink: /home/amr/turtlebot3_ws/install/dynamixel_sdk/share/dynamixel_sdk/environment/path.dsv
[1.128s] -- Up-to-date symlink: /home/amr/turtlebot3_ws/install/dynamixel_sdk/share/dynamixel_sdk/local_setup.bash
[1.129s] -- Up-to-date symlink: /home/amr/turtlebot3_ws/install/dynamixel_sdk/share/dynamixel_sdk/local_setup.sh
[1.130s] -- Up-to-date symlink: /home/amr/turtlebot3_ws/install/dynamixel_sdk/share/dynamixel_sdk/local_setup.zsh
[1.130s] -- Up-to-date symlink: /home/amr/turtlebot3_ws/install/dynamixel_sdk/share/dynamixel_sdk/local_setup.dsv
[1.130s] -- Symlinking: /home/amr/turtlebot3_ws/install/dynamixel_sdk/share/dynamixel_sdk/package.dsv
[1.148s] -- Up-to-date symlink: /home/amr/turtlebot3_ws/install/dynamixel_sdk/share/ament_index/resource_index/packages/dynamixel_sdk
[1.148s] -- Up-to-date symlink: /home/amr/turtlebot3_ws/install/dynamixel_sdk/share/dynamixel_sdk/cmake/ament_cmake_export_targets-extras.cmake
[1.148s] -- Up-to-date symlink: /home/amr/turtlebot3_ws/install/dynamixel_sdk/share/dynamixel_sdk/cmake/ament_cmake_export_include_directories-extras.cmake
[1.148s] -- Up-to-date symlink: /home/amr/turtlebot3_ws/install/dynamixel_sdk/share/dynamixel_sdk/cmake/ament_cmake_export_libraries-extras.cmake
[1.149s] -- Up-to-date symlink: /home/amr/turtlebot3_ws/install/dynamixel_sdk/share/dynamixel_sdk/cmake/dynamixel_sdkConfig.cmake
[1.153s] -- Up-to-date symlink: /home/amr/turtlebot3_ws/install/dynamixel_sdk/share/dynamixel_sdk/cmake/dynamixel_sdkConfig-version.cmake
[1.153s] -- Up-to-date symlink: /home/amr/turtlebot3_ws/install/dynamixel_sdk/share/dynamixel_sdk/package.xml
[1.153s] -- Up-to-date: /home/amr/turtlebot3_ws/install/dynamixel_sdk/lib/libdynamixel_sdk.so
[1.256s] Listing '/home/amr/turtlebot3_ws/install/dynamixel_sdk/local/lib/python3.10/dist-packages/dynamixel_sdk'...
[1.258s] -- Up-to-date: /home/amr/turtlebot3_ws/install/dynamixel_sdk/share/dynamixel_sdk/cmake/dynamixel_sdkExport.cmake
[1.258s] -- Up-to-date: /home/amr/turtlebot3_ws/install/dynamixel_sdk/share/dynamixel_sdk/cmake/dynamixel_sdkExport-noconfig.cmake
[1.290s] Invoked command in '/home/amr/turtlebot3_ws/build/dynamixel_sdk' returned '0': CMAKE_PREFIX_PATH=/home/amr/turtlebot3_ws/install/turtlebot3_teleop:/home/amr/turtlebot3_ws/install/turtlebot3_example:/home/amr/turtlebot3_ws/src/main/install/main:/opt/ros/humble:${CMAKE_PREFIX_PATH} /usr/bin/cmake --install /home/amr/turtlebot3_ws/build/dynamixel_sdk
