[1.904s] Invoking command in '/home/amr/turtlebot3_ws/build/main': PYTHONPATH=/home/amr/turtlebot3_ws/build/main/prefix_override:/usr/lib/python3/dist-packages/colcon_core/task/python/colcon_distutils_commands:/home/amr/turtlebot3_ws/install/main/lib/python3.10/site-packages:${PYTHONPATH} /usr/bin/python3 -W ignore:setup.py install is deprecated -W ignore:easy_install command is deprecated setup.py develop --editable --build-directory /home/amr/turtlebot3_ws/build/main/build --no-deps symlink_data
[2.597s] running develop
[3.071s] running egg_info
[3.071s] writing main.egg-info/PKG-INFO
[3.072s] writing dependency_links to main.egg-info/dependency_links.txt
[3.072s] writing entry points to main.egg-info/entry_points.txt
[3.072s] writing requirements to main.egg-info/requires.txt
[3.073s] writing top-level names to main.egg-info/top_level.txt
[3.077s] reading manifest file 'main.egg-info/SOURCES.txt'
[3.078s] writing manifest file 'main.egg-info/SOURCES.txt'
[3.083s] running build_ext
[3.083s] Creating /home/amr/turtlebot3_ws/install/main/lib/python3.10/site-packages/main.egg-link (link to .)
[3.085s] Installing cmd_vel_publisher script to /home/amr/turtlebot3_ws/install/main/lib/main
[3.085s] Installing encoder_joint_state_publisher script to /home/amr/turtlebot3_ws/install/main/lib/main
[3.085s] Installing main script to /home/amr/turtlebot3_ws/install/main/lib/main
[3.088s] Installing odom_publisher script to /home/amr/turtlebot3_ws/install/main/lib/main
[3.088s] Installing odom_tf_broadcaster script to /home/amr/turtlebot3_ws/install/main/lib/main
[3.088s] 
[3.089s] Installed /home/amr/turtlebot3_ws/build/main
[3.092s] running symlink_data
[3.160s] Invoked command in '/home/amr/turtlebot3_ws/build/main' returned '0': PYTHONPATH=/home/amr/turtlebot3_ws/build/main/prefix_override:/usr/lib/python3/dist-packages/colcon_core/task/python/colcon_distutils_commands:/home/amr/turtlebot3_ws/install/main/lib/python3.10/site-packages:${PYTHONPATH} /usr/bin/python3 -W ignore:setup.py install is deprecated -W ignore:easy_install command is deprecated setup.py develop --editable --build-directory /home/amr/turtlebot3_ws/build/main/build --no-deps symlink_data
