[1.847s] Invoking command in '/home/amr/turtlebot3_ws/build/main': PYTHONPATH=/home/amr/turtlebot3_ws/build/main/prefix_override:/usr/lib/python3/dist-packages/colcon_core/task/python/colcon_distutils_commands:/home/amr/turtlebot3_ws/install/main/lib/python3.10/site-packages:${PYTHONPATH} /usr/bin/python3 -W ignore:setup.py install is deprecated -W ignore:easy_install command is deprecated setup.py develop --editable --build-directory /home/amr/turtlebot3_ws/build/main/build --no-deps symlink_data
[2.563s] running develop
[3.097s] running egg_info
[3.100s] creating main.egg-info
[3.100s] writing main.egg-info/PKG-INFO
[3.100s] writing dependency_links to main.egg-info/dependency_links.txt
[3.100s] writing entry points to main.egg-info/entry_points.txt
[3.100s] writing requirements to main.egg-info/requires.txt
[3.100s] writing top-level names to main.egg-info/top_level.txt
[3.101s] writing manifest file 'main.egg-info/SOURCES.txt'
[3.104s] reading manifest file 'main.egg-info/SOURCES.txt'
[3.105s] writing manifest file 'main.egg-info/SOURCES.txt'
[3.111s] running build_ext
[3.111s] Creating /home/amr/turtlebot3_ws/install/main/lib/python3.10/site-packages/main.egg-link (link to .)
[3.114s] Installing cmd_vel_publisher script to /home/amr/turtlebot3_ws/install/main/lib/main
[3.114s] Installing encoder_joint_state_publisher script to /home/amr/turtlebot3_ws/install/main/lib/main
[3.114s] Installing main script to /home/amr/turtlebot3_ws/install/main/lib/main
[3.115s] Installing odom_publisher script to /home/amr/turtlebot3_ws/install/main/lib/main
[3.115s] Installing odom_tf_broadcaster script to /home/amr/turtlebot3_ws/install/main/lib/main
[3.116s] 
[3.120s] Installed /home/amr/turtlebot3_ws/build/main
[3.121s] running symlink_data
[3.121s] creating /home/amr/turtlebot3_ws/install/main/share/ament_index
[3.121s] creating /home/amr/turtlebot3_ws/install/main/share/ament_index/resource_index
[3.121s] creating /home/amr/turtlebot3_ws/install/main/share/ament_index/resource_index/packages
[3.122s] symbolically linking /home/amr/turtlebot3_ws/build/main/resource/main -> /home/amr/turtlebot3_ws/install/main/share/ament_index/resource_index/packages
[3.122s] symbolically linking /home/amr/turtlebot3_ws/build/main/package.xml -> /home/amr/turtlebot3_ws/install/main/share/main
[3.202s] Invoked command in '/home/amr/turtlebot3_ws/build/main' returned '0': PYTHONPATH=/home/amr/turtlebot3_ws/build/main/prefix_override:/usr/lib/python3/dist-packages/colcon_core/task/python/colcon_distutils_commands:/home/amr/turtlebot3_ws/install/main/lib/python3.10/site-packages:${PYTHONPATH} /usr/bin/python3 -W ignore:setup.py install is deprecated -W ignore:easy_install command is deprecated setup.py develop --editable --build-directory /home/amr/turtlebot3_ws/build/main/build --no-deps symlink_data
