[0.027s] Invoking command in '/home/amr/turtlebot3_ws/build/turtlebot3_cartographer': CMAKE_PREFIX_PATH=/home/amr/turtlebot3_ws/install/turtlebot3_teleop:/home/amr/turtlebot3_ws/install/turtlebot3_example:/home/amr/turtlebot3_ws/src/main/install/main:/opt/ros/humble:${CMAKE_PREFIX_PATH} /usr/bin/cmake --build /home/amr/turtlebot3_ws/build/turtlebot3_cartographer -- -j4 -l4
[0.114s] Invoked command in '/home/amr/turtlebot3_ws/build/turtlebot3_cartographer' returned '0': CMAKE_PREFIX_PATH=/home/amr/turtlebot3_ws/install/turtlebot3_teleop:/home/amr/turtlebot3_ws/install/turtlebot3_example:/home/amr/turtlebot3_ws/src/main/install/main:/opt/ros/humble:${CMAKE_PREFIX_PATH} /usr/bin/cmake --build /home/amr/turtlebot3_ws/build/turtlebot3_cartographer -- -j4 -l4
[0.121s] Invoking command in '/home/amr/turtlebot3_ws/build/turtlebot3_cartographer': CMAKE_PREFIX_PATH=/home/amr/turtlebot3_ws/install/turtlebot3_teleop:/home/amr/turtlebot3_ws/install/turtlebot3_example:/home/amr/turtlebot3_ws/src/main/install/main:/opt/ros/humble:${CMAKE_PREFIX_PATH} /usr/bin/cmake --install /home/amr/turtlebot3_ws/build/turtlebot3_cartographer
[0.142s] -- Install configuration: ""
[0.143s] -- Execute custom install script
[0.144s] -- Up-to-date symlink: /home/amr/turtlebot3_ws/install/turtlebot3_cartographer/share/turtlebot3_cartographer/config/turtlebot3_lds_2d.lua
[0.144s] -- Up-to-date symlink: /home/amr/turtlebot3_ws/install/turtlebot3_cartographer/share/turtlebot3_cartographer/launch/cartographer.launch.py
[0.145s] -- Up-to-date symlink: /home/amr/turtlebot3_ws/install/turtlebot3_cartographer/share/turtlebot3_cartographer/launch/occupancy_grid.launch.py
[0.145s] -- Up-to-date symlink: /home/amr/turtlebot3_ws/install/turtlebot3_cartographer/share/turtlebot3_cartographer/rviz/tb3_cartographer.rviz
[0.146s] -- Up-to-date symlink: /home/amr/turtlebot3_ws/install/turtlebot3_cartographer/share/ament_index/resource_index/package_run_dependencies/turtlebot3_cartographer
[0.147s] -- Up-to-date symlink: /home/amr/turtlebot3_ws/install/turtlebot3_cartographer/share/ament_index/resource_index/parent_prefix_path/turtlebot3_cartographer
[0.148s] -- Up-to-date symlink: /home/amr/turtlebot3_ws/install/turtlebot3_cartographer/share/turtlebot3_cartographer/environment/ament_prefix_path.sh
[0.148s] -- Up-to-date symlink: /home/amr/turtlebot3_ws/install/turtlebot3_cartographer/share/turtlebot3_cartographer/environment/ament_prefix_path.dsv
[0.148s] -- Up-to-date symlink: /home/amr/turtlebot3_ws/install/turtlebot3_cartographer/share/turtlebot3_cartographer/environment/path.sh
[0.148s] -- Up-to-date symlink: /home/amr/turtlebot3_ws/install/turtlebot3_cartographer/share/turtlebot3_cartographer/environment/path.dsv
[0.151s] -- Up-to-date symlink: /home/amr/turtlebot3_ws/install/turtlebot3_cartographer/share/turtlebot3_cartographer/local_setup.bash
[0.151s] -- Up-to-date symlink: /home/amr/turtlebot3_ws/install/turtlebot3_cartographer/share/turtlebot3_cartographer/local_setup.sh
[0.155s] -- Up-to-date symlink: /home/amr/turtlebot3_ws/install/turtlebot3_cartographer/share/turtlebot3_cartographer/local_setup.zsh
[0.155s] -- Up-to-date symlink: /home/amr/turtlebot3_ws/install/turtlebot3_cartographer/share/turtlebot3_cartographer/local_setup.dsv
[0.155s] -- Symlinking: /home/amr/turtlebot3_ws/install/turtlebot3_cartographer/share/turtlebot3_cartographer/package.dsv
[0.175s] -- Up-to-date symlink: /home/amr/turtlebot3_ws/install/turtlebot3_cartographer/share/ament_index/resource_index/packages/turtlebot3_cartographer
[0.177s] -- Up-to-date symlink: /home/amr/turtlebot3_ws/install/turtlebot3_cartographer/share/turtlebot3_cartographer/cmake/turtlebot3_cartographerConfig.cmake
[0.177s] -- Up-to-date symlink: /home/amr/turtlebot3_ws/install/turtlebot3_cartographer/share/turtlebot3_cartographer/cmake/turtlebot3_cartographerConfig-version.cmake
[0.178s] -- Up-to-date symlink: /home/amr/turtlebot3_ws/install/turtlebot3_cartographer/share/turtlebot3_cartographer/package.xml
[0.185s] Invoked command in '/home/amr/turtlebot3_ws/build/turtlebot3_cartographer' returned '0': CMAKE_PREFIX_PATH=/home/amr/turtlebot3_ws/install/turtlebot3_teleop:/home/amr/turtlebot3_ws/install/turtlebot3_example:/home/amr/turtlebot3_ws/src/main/install/main:/opt/ros/humble:${CMAKE_PREFIX_PATH} /usr/bin/cmake --install /home/amr/turtlebot3_ws/build/turtlebot3_cartographer
