[2.234s] Invoking command in '/home/amr/turtlebot3_ws/build/main': PYTHONPATH=/home/amr/turtlebot3_ws/build/main/prefix_override:/usr/lib/python3/dist-packages/colcon_core/task/python/colcon_distutils_commands:/home/amr/turtlebot3_ws/install/main/lib/python3.10/site-packages:${PYTHONPATH} /usr/bin/python3 -W ignore:setup.py install is deprecated -W ignore:easy_install command is deprecated setup.py develop --editable --build-directory /home/amr/turtlebot3_ws/build/main/build --no-deps symlink_data
[3.922s] running develop
[5.683s] running egg_info
[5.683s] writing main.egg-info/PKG-INFO
[5.683s] writing dependency_links to main.egg-info/dependency_links.txt
[5.693s] writing entry points to main.egg-info/entry_points.txt
[5.693s] writing requirements to main.egg-info/requires.txt
[5.693s] writing top-level names to main.egg-info/top_level.txt
[5.726s] reading manifest file 'main.egg-info/SOURCES.txt'
[5.732s] writing manifest file 'main.egg-info/SOURCES.txt'
[5.740s] running build_ext
[5.746s] Creating /home/amr/turtlebot3_ws/install/main/lib/python3.10/site-packages/main.egg-link (link to .)
[5.763s] Installing cmd_vel_publisher script to /home/amr/turtlebot3_ws/install/main/lib/main
[5.764s] Installing encoder_joint_state_publisher script to /home/amr/turtlebot3_ws/install/main/lib/main
[5.768s] Installing main script to /home/amr/turtlebot3_ws/install/main/lib/main
[5.768s] Installing odom_publisher script to /home/amr/turtlebot3_ws/install/main/lib/main
[5.780s] Installing odom_tf_broadcaster script to /home/amr/turtlebot3_ws/install/main/lib/main
[5.783s] 
[5.783s] Installed /home/amr/turtlebot3_ws/build/main
[5.784s] running symlink_data
[6.511s] Invoked command in '/home/amr/turtlebot3_ws/build/main' returned '0': PYTHONPATH=/home/amr/turtlebot3_ws/build/main/prefix_override:/usr/lib/python3/dist-packages/colcon_core/task/python/colcon_distutils_commands:/home/amr/turtlebot3_ws/install/main/lib/python3.10/site-packages:${PYTHONPATH} /usr/bin/python3 -W ignore:setup.py install is deprecated -W ignore:easy_install command is deprecated setup.py develop --editable --build-directory /home/amr/turtlebot3_ws/build/main/build --no-deps symlink_data
